
Test set : Average loss : 0.0000, Accuracy: 2594/22544 ( 11.5%)0/9711   0/7636   0/2423    27/200    2567/2574
召回率：tensor([0.0000, 0.0000, 0.0000, 0.1350, 0.9973])
查准率：tensor([0.0000,    nan,    nan, 0.4091, 0.1143])
准确率：tensor([0.5686, 0.6613, 0.8925, 0.9906, 0.1171])
F1：tensor([0.0000,    nan,    nan, 0.2030, 0.2050])
tensor([[   0,    0,    0,   18, 9693],
        [   8,    0,    0,   13, 7615],
        [   0,    0,    0,    2, 2421],
        [   5,    0,    0,   27,  168],
        [   1,    0,    0,    6, 2567]])
Test set : Average loss : 0.0000, Accuracy: 2578/22544 ( 11.4%)0/9711   0/7636   0/2423    4/200    2574/2574
召回率：tensor([0.0000, 0.0000, 0.0000, 0.0200, 1.0000])
查准率：tensor([   nan,    nan,    nan, 0.6667, 0.1142])
准确率：tensor([0.5692, 0.6613, 0.8925, 0.9912, 0.1144])
F1：tensor([   nan,    nan,    nan, 0.0388, 0.2050])
tensor([[   0,    0,    0,    2, 9709],
        [   0,    0,    0,    0, 7636],
        [   0,    0,    0,    0, 2423],
        [   0,    0,    0,    4,  196],
        [   0,    0,    0,    0, 2574]])
Test set : Average loss : 0.0000, Accuracy: 3813/22544 ( 16.9%)5/9711   0/7636   1242/2423    23/200    2543/2574
召回率：tensor([5.1488e-04, 0.0000e+00, 5.1259e-01, 1.1500e-01, 9.8796e-01])
查准率：tensor([0.2273,    nan, 0.1659, 0.5227, 0.1696])
准确率：tensor([0.5687, 0.6613, 0.6707, 0.9912, 0.4464])
F1：tensor([0.0010,    nan, 0.2507, 0.1885, 0.2895])
tensor([[   5,    0,  580,   15, 9111],
        [   1,    0, 5544,    0, 2091],
        [   4,    0, 1242,    0, 1177],
        [  11,    0,   95,   23,   71],
        [   1,    0,   24,    6, 2543]])
Test set : Average loss : 0.0000, Accuracy: 2472/22544 ( 11.0%)1/9711   0/7636   1868/2423    63/200    540/2574
召回率：tensor([1.0298e-04, 0.0000e+00, 7.7095e-01, 3.1500e-01, 2.0979e-01])
查准率：tensor([0.5000,    nan, 0.1326, 0.0101, 0.2438])
准确率：tensor([0.5692, 0.6613, 0.4335, 0.7198, 0.8355])
F1：tensor([2.0591e-04,        nan, 2.2631e-01, 1.9559e-02, 2.2552e-01])
tensor([[   1,    0, 4293, 4314, 1103],
        [   0,    0, 6440, 1004,  192],
        [   1,    0, 1868,  179,  375],
        [   0,    0,  132,   63,    5],
        [   0,    0, 1352,  682,  540]])
Test set : Average loss : 0.0000, Accuracy: 3813/22544 ( 16.9%)5/9711   0/7636   1242/2423    23/200    2543/2574
召回率：tensor([5.1488e-04, 0.0000e+00, 5.1259e-01, 1.1500e-01, 9.8796e-01])
查准率：tensor([0.2273,    nan, 0.1659, 0.5227, 0.1696])
准确率：tensor([0.5687, 0.6613, 0.6707, 0.9912, 0.4464])
F1：tensor([0.0010,    nan, 0.2507, 0.1885, 0.2895])
tensor([[   5,    0,  580,   15, 9111],
        [   1,    0, 5544,    0, 2091],
        [   4,    0, 1242,    0, 1177],
        [  11,    0,   95,   23,   71],
        [   1,    0,   24,    6, 2543]])
Test set : Average loss : 0.0000, Accuracy: 2472/22544 ( 11.0%)1/9711   0/7636   1868/2423    63/200    540/2574
召回率：tensor([1.0298e-04, 0.0000e+00, 7.7095e-01, 3.1500e-01, 2.0979e-01])
查准率：tensor([0.5000,    nan, 0.1326, 0.0101, 0.2438])
准确率：tensor([0.5692, 0.6613, 0.4335, 0.7198, 0.8355])
F1：tensor([2.0591e-04,        nan, 2.2631e-01, 1.9559e-02, 2.2552e-01])
tensor([[   1,    0, 4293, 4314, 1103],
        [   0,    0, 6440, 1004,  192],
        [   1,    0, 1868,  179,  375],
        [   0,    0,  132,   63,    5],
        [   0,    0, 1352,  682,  540]])
Test set : Average loss : 0.0000, Accuracy: 3635/22544 ( 16.1%)0/9711   0/7636   1690/2423    34/200    1911/2574
召回率：tensor([0.0000, 0.0000, 0.6975, 0.1700, 0.7424])
查准率：tensor([   nan,    nan, 0.1640, 0.5000, 0.1571])
准确率：tensor([0.5692, 0.6613, 0.5852, 0.9911, 0.5156])
F1：tensor([   nan,    nan, 0.2655, 0.2537, 0.2593])
tensor([[   0,    0, 1872,   18, 7821],
        [   0,    0, 5963,    0, 1673],
        [   0,    0, 1690,    0,  733],
        [   0,    0,  136,   34,   30],
        [   0,    0,  647,   16, 1911]])
Test set : Average loss : 0.0000, Accuracy: 2580/22544 ( 11.4%)0/9711   0/7636   1/2423    6/200    2573/2574
召回率：tensor([0.0000e+00, 0.0000e+00, 4.1271e-04, 3.0000e-02, 9.9961e-01])
查准率：tensor([   nan,    nan, 0.0038, 0.6000, 0.1155])
准确率：tensor([0.5692, 0.6613, 0.8810, 0.9912, 0.1262])
F1：tensor([   nan,    nan, 0.0007, 0.0571, 0.2071])
tensor([[   0,    0,    0,    2, 9709],
        [   0,    0,  261,    0, 7375],
        [   0,    0,    1,    1, 2421],
        [   0,    0,    0,    6,  194],
        [   0,    0,    0,    1, 2573]])
Test set : Average loss : 0.0000, Accuracy: 3635/22544 ( 16.1%)0/9711   0/7636   1690/2423    34/200    1911/2574
召回率：tensor([0.0000, 0.0000, 0.6975, 0.1700, 0.7424])
查准率：tensor([   nan,    nan, 0.1640, 0.5000, 0.1571])
准确率：tensor([0.5692, 0.6613, 0.5852, 0.9911, 0.5156])
F1：tensor([   nan,    nan, 0.2655, 0.2537, 0.2593])
tensor([[   0,    0, 1872,   18, 7821],
        [   0,    0, 5963,    0, 1673],
        [   0,    0, 1690,    0,  733],
        [   0,    0,  136,   34,   30],
        [   0,    0,  647,   16, 1911]])
Test set : Average loss : 0.0000, Accuracy: 2580/22544 ( 11.4%)0/9711   0/7636   1/2423    6/200    2573/2574
召回率：tensor([0.0000e+00, 0.0000e+00, 4.1271e-04, 3.0000e-02, 9.9961e-01])
查准率：tensor([   nan,    nan, 0.0038, 0.6000, 0.1155])
准确率：tensor([0.5692, 0.6613, 0.8810, 0.9912, 0.1262])
F1：tensor([   nan,    nan, 0.0007, 0.0571, 0.2071])
tensor([[   0,    0,    0,    2, 9709],
        [   0,    0,  261,    0, 7375],
        [   0,    0,    1,    1, 2421],
        [   0,    0,    0,    6,  194],
        [   0,    0,    0,    1, 2573]])
Test set : Average loss : 0.0000, Accuracy: 3816/22544 ( 16.9%)0/9711   0/7636   1241/2423    27/200    2548/2574
召回率：tensor([0.0000, 0.0000, 0.5122, 0.1350, 0.9899])
查准率：tensor([   nan,    nan, 0.1880, 0.5745, 0.1603])
准确率：tensor([0.5692, 0.6613, 0.7098, 0.9914, 0.4068])
F1：tensor([   nan,    nan, 0.2750, 0.2186, 0.2759])
tensor([[   0,    0,   66,    8, 9637],
        [   0,    0, 5184,    0, 2452],
        [   0,    0, 1241,    1, 1181],
        [   0,    0,   96,   27,   77],
        [   0,    0,   15,   11, 2548]])
Test set : Average loss : 0.0000, Accuracy: 4117/22544 ( 18.3%)0/9711   0/7636   1604/2423    11/200    2502/2574
召回率：tensor([0.0000, 0.0000, 0.6620, 0.0550, 0.9720])
查准率：tensor([   nan,    nan, 0.1907, 0.5789, 0.1772])
准确率：tensor([0.5692, 0.6613, 0.6618, 0.9913, 0.4816])
F1：tensor([   nan,    nan, 0.2962, 0.1005, 0.2998])
tensor([[   0,    0,  942,    4, 8765],
        [   0,    0, 5684,    0, 1952],
        [   0,    0, 1604,    0,  819],
        [   0,    0,  111,   11,   78],
        [   0,    0,   68,    4, 2502]])
Test set : Average loss : 0.0000, Accuracy: 1/22544 ( 0.0%)1/1   0/0   0/0    0/0    0/0
召回率：tensor([1., nan, nan, nan, nan])
查准率：tensor([1., nan, nan, nan, nan])
准确率：tensor([1., 1., 1., 1., 1.])
F1：tensor([1., nan, nan, nan, nan])
tensor([[1, 0, 0, 0, 0],
        [0, 0, 0, 0, 0],
        [0, 0, 0, 0, 0],
        [0, 0, 0, 0, 0],
        [0, 0, 0, 0, 0]])
Test set : Average loss : 0.0000, Accuracy: 1/22544 ( 0.0%)1/1   0/0   0/0    0/0    0/0
召回率：tensor([1., nan, nan, nan, nan])
查准率：tensor([1., nan, nan, nan, nan])
准确率：tensor([1., 1., 1., 1., 1.])
F1：tensor([1., nan, nan, nan, nan])
tensor([[1, 0, 0, 0, 0],
        [0, 0, 0, 0, 0],
        [0, 0, 0, 0, 0],
        [0, 0, 0, 0, 0],
        [0, 0, 0, 0, 0]])
Test set : Average loss : 0.0000, Accuracy: 0/22544 ( 0.0%)0/1   0/0   0/0    0/0    0/0
召回率：tensor([0., nan, nan, nan, nan])
查准率：tensor([nan, nan, 0., nan, nan])
准确率：tensor([0., 1., 0., 1., 1.])
F1：tensor([nan, nan, nan, nan, nan])
tensor([[0, 0, 1, 0, 0],
        [0, 0, 0, 0, 0],
        [0, 0, 0, 0, 0],
        [0, 0, 0, 0, 0],
        [0, 0, 0, 0, 0]])
Test set : Average loss : 0.0000, Accuracy: 0/22544 ( 0.0%)0/1   0/0   0/0    0/0    0/0
召回率：tensor([0., nan, nan, nan, nan])
查准率：tensor([nan, nan, 0., nan, nan])
准确率：tensor([0., 1., 0., 1., 1.])
F1：tensor([nan, nan, nan, nan, nan])
tensor([[0, 0, 1, 0, 0],
        [0, 0, 0, 0, 0],
        [0, 0, 0, 0, 0],
        [0, 0, 0, 0, 0],
        [0, 0, 0, 0, 0]])
Test set : Average loss : 0.0000, Accuracy: 0/22544 ( 0.0%)0/1   0/0   0/0    0/0    0/0
召回率：tensor([0., nan, nan, nan, nan])
查准率：tensor([nan, nan, 0., nan, nan])
准确率：tensor([0., 1., 0., 1., 1.])
F1：tensor([nan, nan, nan, nan, nan])
tensor([[0, 0, 1, 0, 0],
        [0, 0, 0, 0, 0],
        [0, 0, 0, 0, 0],
        [0, 0, 0, 0, 0],
        [0, 0, 0, 0, 0]])
Test set : Average loss : 0.0000, Accuracy: 1/22544 ( 0.0%)0/0   1/1   0/0    0/0    0/0
召回率：tensor([nan, 1., nan, nan, nan])
查准率：tensor([nan, 1., nan, nan, nan])
准确率：tensor([1., 1., 1., 1., 1.])
F1：tensor([nan, 1., nan, nan, nan])
tensor([[0, 0, 0, 0, 0],
        [0, 1, 0, 0, 0],
        [0, 0, 0, 0, 0],
        [0, 0, 0, 0, 0],
        [0, 0, 0, 0, 0]])
Test set : Average loss : 0.0000, Accuracy: 0/22544 ( 0.0%)0/1   0/0   0/0    0/0    0/0
召回率：tensor([0., nan, nan, nan, nan])
查准率：tensor([nan, nan, 0., nan, nan])
准确率：tensor([0., 1., 0., 1., 1.])
F1：tensor([nan, nan, nan, nan, nan])
tensor([[0, 0, 1, 0, 0],
        [0, 0, 0, 0, 0],
        [0, 0, 0, 0, 0],
        [0, 0, 0, 0, 0],
        [0, 0, 0, 0, 0]])
Test set : Average loss : 0.0000, Accuracy: 1/22544 ( 0.0%)1/1   0/0   0/0    0/0    0/0
召回率：tensor([1., nan, nan, nan, nan])
查准率：tensor([1., nan, nan, nan, nan])
准确率：tensor([1., 1., 1., 1., 1.])
F1：tensor([1., nan, nan, nan, nan])
tensor([[1, 0, 0, 0, 0],
        [0, 0, 0, 0, 0],
        [0, 0, 0, 0, 0],
        [0, 0, 0, 0, 0],
        [0, 0, 0, 0, 0]])
Test set : Average loss : 0.0000, Accuracy: 0/22544 ( 0.0%)0/0   0/0   0/1    0/0    0/0
召回率：tensor([nan, nan, 0., nan, nan])
查准率：tensor([nan, 0., nan, nan, nan])
准确率：tensor([1., 0., 0., 1., 1.])
F1：tensor([nan, nan, nan, nan, nan])
tensor([[0, 0, 0, 0, 0],
        [0, 0, 0, 0, 0],
        [0, 1, 0, 0, 0],
        [0, 0, 0, 0, 0],
        [0, 0, 0, 0, 0]])
Test set : Average loss : 0.0000, Accuracy: 0/22544 ( 0.0%)0/0   0/1   0/0    0/0    0/0
召回率：tensor([nan, 0., nan, nan, nan])
查准率：tensor([nan, nan, 0., nan, nan])
准确率：tensor([1., 0., 0., 1., 1.])
F1：tensor([nan, nan, nan, nan, nan])
tensor([[0, 0, 0, 0, 0],
        [0, 0, 1, 0, 0],
        [0, 0, 0, 0, 0],
        [0, 0, 0, 0, 0],
        [0, 0, 0, 0, 0]])
Test set : Average loss : 0.0000, Accuracy: 0/22544 ( 0.0%)0/1   0/0   0/0    0/0    0/0
召回率：tensor([0., nan, nan, nan, nan])
查准率：tensor([nan, nan, 0., nan, nan])
准确率：tensor([0., 1., 0., 1., 1.])
F1：tensor([nan, nan, nan, nan, nan])
tensor([[0, 0, 1, 0, 0],
        [0, 0, 0, 0, 0],
        [0, 0, 0, 0, 0],
        [0, 0, 0, 0, 0],
        [0, 0, 0, 0, 0]])
Test set : Average loss : 0.0000, Accuracy: 1/22544 ( 0.0%)1/1   0/0   0/0    0/0    0/0
召回率：tensor([1., nan, nan, nan, nan])
查准率：tensor([1., nan, nan, nan, nan])
准确率：tensor([1., 1., 1., 1., 1.])
F1：tensor([1., nan, nan, nan, nan])
tensor([[1, 0, 0, 0, 0],
        [0, 0, 0, 0, 0],
        [0, 0, 0, 0, 0],
        [0, 0, 0, 0, 0],
        [0, 0, 0, 0, 0]])
Test set : Average loss : 0.0000, Accuracy: 0/22544 ( 0.0%)0/1   0/0   0/0    0/0    0/0
召回率：tensor([0., nan, nan, nan, nan])
查准率：tensor([nan, nan, 0., nan, nan])
准确率：tensor([0., 1., 0., 1., 1.])
F1：tensor([nan, nan, nan, nan, nan])
tensor([[0, 0, 1, 0, 0],
        [0, 0, 0, 0, 0],
        [0, 0, 0, 0, 0],
        [0, 0, 0, 0, 0],
        [0, 0, 0, 0, 0]])
Test set : Average loss : 0.0000, Accuracy: 0/22544 ( 0.0%)0/1   0/0   0/0    0/0    0/0
召回率：tensor([0., nan, nan, nan, nan])
查准率：tensor([nan, nan, 0., nan, nan])
准确率：tensor([0., 1., 0., 1., 1.])
F1：tensor([nan, nan, nan, nan, nan])
tensor([[0, 0, 1, 0, 0],
        [0, 0, 0, 0, 0],
        [0, 0, 0, 0, 0],
        [0, 0, 0, 0, 0],
        [0, 0, 0, 0, 0]])
Test set : Average loss : 0.0000, Accuracy: 0/22544 ( 0.0%)0/1   0/0   0/0    0/0    0/0
召回率：tensor([0., nan, nan, nan, nan])
查准率：tensor([nan, nan, 0., nan, nan])
准确率：tensor([0., 1., 0., 1., 1.])
F1：tensor([nan, nan, nan, nan, nan])
tensor([[0, 0, 1, 0, 0],
        [0, 0, 0, 0, 0],
        [0, 0, 0, 0, 0],
        [0, 0, 0, 0, 0],
        [0, 0, 0, 0, 0]])
Test set : Average loss : 0.0000, Accuracy: 1/22544 ( 0.0%)0/0   1/1   0/0    0/0    0/0
召回率：tensor([nan, 1., nan, nan, nan])
查准率：tensor([nan, 1., nan, nan, nan])
准确率：tensor([1., 1., 1., 1., 1.])
F1：tensor([nan, 1., nan, nan, nan])
tensor([[0, 0, 0, 0, 0],
        [0, 1, 0, 0, 0],
        [0, 0, 0, 0, 0],
        [0, 0, 0, 0, 0],
        [0, 0, 0, 0, 0]])
Test set : Average loss : 0.0000, Accuracy: 0/22544 ( 0.0%)0/1   0/0   0/0    0/0    0/0
召回率：tensor([0., nan, nan, nan, nan])
查准率：tensor([nan, nan, 0., nan, nan])
准确率：tensor([0., 1., 0., 1., 1.])
F1：tensor([nan, nan, nan, nan, nan])
tensor([[0, 0, 1, 0, 0],
        [0, 0, 0, 0, 0],
        [0, 0, 0, 0, 0],
        [0, 0, 0, 0, 0],
        [0, 0, 0, 0, 0]])
Test set : Average loss : 0.0000, Accuracy: 1/22544 ( 0.0%)1/1   0/0   0/0    0/0    0/0
召回率：tensor([1., nan, nan, nan, nan])
查准率：tensor([1., nan, nan, nan, nan])
准确率：tensor([1., 1., 1., 1., 1.])
F1：tensor([1., nan, nan, nan, nan])
tensor([[1, 0, 0, 0, 0],
        [0, 0, 0, 0, 0],
        [0, 0, 0, 0, 0],
        [0, 0, 0, 0, 0],
        [0, 0, 0, 0, 0]])
Test set : Average loss : 0.0000, Accuracy: 0/22544 ( 0.0%)0/0   0/0   0/1    0/0    0/0
召回率：tensor([nan, nan, 0., nan, nan])
查准率：tensor([nan, 0., nan, nan, nan])
准确率：tensor([1., 0., 0., 1., 1.])
F1：tensor([nan, nan, nan, nan, nan])
tensor([[0, 0, 0, 0, 0],
        [0, 0, 0, 0, 0],
        [0, 1, 0, 0, 0],
        [0, 0, 0, 0, 0],
        [0, 0, 0, 0, 0]])
Test set : Average loss : 0.0000, Accuracy: 0/22544 ( 0.0%)0/0   0/1   0/0    0/0    0/0
召回率：tensor([nan, 0., nan, nan, nan])
查准率：tensor([nan, nan, 0., nan, nan])
准确率：tensor([1., 0., 0., 1., 1.])
F1：tensor([nan, nan, nan, nan, nan])
tensor([[0, 0, 0, 0, 0],
        [0, 0, 1, 0, 0],
        [0, 0, 0, 0, 0],
        [0, 0, 0, 0, 0],
        [0, 0, 0, 0, 0]])
Test set : Average loss : 0.0000, Accuracy: 0/22544 ( 0.0%)0/1   0/0   0/0    0/0    0/0
召回率：tensor([0., nan, nan, nan, nan])
查准率：tensor([nan, nan, 0., nan, nan])
准确率：tensor([0., 1., 0., 1., 1.])
F1：tensor([nan, nan, nan, nan, nan])
tensor([[0, 0, 1, 0, 0],
        [0, 0, 0, 0, 0],
        [0, 0, 0, 0, 0],
        [0, 0, 0, 0, 0],
        [0, 0, 0, 0, 0]])
Test set : Average loss : 0.0000, Accuracy: 1/22544 ( 0.0%)1/1   0/0   0/0    0/0    0/0
召回率：tensor([1., nan, nan, nan, nan])
查准率：tensor([1., nan, nan, nan, nan])
准确率：tensor([1., 1., 1., 1., 1.])
F1：tensor([1., nan, nan, nan, nan])
tensor([[1, 0, 0, 0, 0],
        [0, 0, 0, 0, 0],
        [0, 0, 0, 0, 0],
        [0, 0, 0, 0, 0],
        [0, 0, 0, 0, 0]])
Test set : Average loss : 0.0000, Accuracy: 0/22544 ( 0.0%)0/1   0/0   0/0    0/0    0/0
召回率：tensor([0., nan, nan, nan, nan])
查准率：tensor([nan, nan, 0., nan, nan])
准确率：tensor([0., 1., 0., 1., 1.])
F1：tensor([nan, nan, nan, nan, nan])
tensor([[0, 0, 1, 0, 0],
        [0, 0, 0, 0, 0],
        [0, 0, 0, 0, 0],
        [0, 0, 0, 0, 0],
        [0, 0, 0, 0, 0]])
Test set : Average loss : 0.0000, Accuracy: 0/22544 ( 0.0%)0/1   0/0   0/0    0/0    0/0
召回率：tensor([0., nan, nan, nan, nan])
查准率：tensor([nan, nan, 0., nan, nan])
准确率：tensor([0., 1., 0., 1., 1.])
F1：tensor([nan, nan, nan, nan, nan])
tensor([[0, 0, 1, 0, 0],
        [0, 0, 0, 0, 0],
        [0, 0, 0, 0, 0],
        [0, 0, 0, 0, 0],
        [0, 0, 0, 0, 0]])
Test set : Average loss : 0.0000, Accuracy: 0/22544 ( 0.0%)0/1   0/0   0/0    0/0    0/0
召回率：tensor([0., nan, nan, nan, nan])
查准率：tensor([nan, nan, 0., nan, nan])
准确率：tensor([0., 1., 0., 1., 1.])
F1：tensor([nan, nan, nan, nan, nan])
tensor([[0, 0, 1, 0, 0],
        [0, 0, 0, 0, 0],
        [0, 0, 0, 0, 0],
        [0, 0, 0, 0, 0],
        [0, 0, 0, 0, 0]])
Test set : Average loss : 0.0000, Accuracy: 1/22544 ( 0.0%)0/0   1/1   0/0    0/0    0/0
召回率：tensor([nan, 1., nan, nan, nan])
查准率：tensor([nan, 1., nan, nan, nan])
准确率：tensor([1., 1., 1., 1., 1.])
F1：tensor([nan, 1., nan, nan, nan])
tensor([[0, 0, 0, 0, 0],
        [0, 1, 0, 0, 0],
        [0, 0, 0, 0, 0],
        [0, 0, 0, 0, 0],
        [0, 0, 0, 0, 0]])
Test set : Average loss : 0.0000, Accuracy: 0/22544 ( 0.0%)0/1   0/0   0/0    0/0    0/0
召回率：tensor([0., nan, nan, nan, nan])
查准率：tensor([nan, nan, 0., nan, nan])
准确率：tensor([0., 1., 0., 1., 1.])
F1：tensor([nan, nan, nan, nan, nan])
tensor([[0, 0, 1, 0, 0],
        [0, 0, 0, 0, 0],
        [0, 0, 0, 0, 0],
        [0, 0, 0, 0, 0],
        [0, 0, 0, 0, 0]])
Test set : Average loss : 0.0000, Accuracy: 1/22544 ( 0.0%)1/1   0/0   0/0    0/0    0/0
召回率：tensor([1., nan, nan, nan, nan])
查准率：tensor([1., nan, nan, nan, nan])
准确率：tensor([1., 1., 1., 1., 1.])
F1：tensor([1., nan, nan, nan, nan])
tensor([[1, 0, 0, 0, 0],
        [0, 0, 0, 0, 0],
        [0, 0, 0, 0, 0],
        [0, 0, 0, 0, 0],
        [0, 0, 0, 0, 0]])
Test set : Average loss : 0.0000, Accuracy: 0/22544 ( 0.0%)0/0   0/0   0/1    0/0    0/0
召回率：tensor([nan, nan, 0., nan, nan])
查准率：tensor([nan, 0., nan, nan, nan])
准确率：tensor([1., 0., 0., 1., 1.])
F1：tensor([nan, nan, nan, nan, nan])
tensor([[0, 0, 0, 0, 0],
        [0, 0, 0, 0, 0],
        [0, 1, 0, 0, 0],
        [0, 0, 0, 0, 0],
        [0, 0, 0, 0, 0]])
Test set : Average loss : 0.0000, Accuracy: 0/22544 ( 0.0%)0/0   0/1   0/0    0/0    0/0
召回率：tensor([nan, 0., nan, nan, nan])
查准率：tensor([nan, nan, 0., nan, nan])
准确率：tensor([1., 0., 0., 1., 1.])
F1：tensor([nan, nan, nan, nan, nan])
tensor([[0, 0, 0, 0, 0],
        [0, 0, 1, 0, 0],
        [0, 0, 0, 0, 0],
        [0, 0, 0, 0, 0],
        [0, 0, 0, 0, 0]])
Test set : Average loss : 0.0000, Accuracy: 0/22544 ( 0.0%)0/1   0/0   0/0    0/0    0/0
召回率：tensor([0., nan, nan, nan, nan])
查准率：tensor([nan, nan, 0., nan, nan])
准确率：tensor([0., 1., 0., 1., 1.])
F1：tensor([nan, nan, nan, nan, nan])
tensor([[0, 0, 1, 0, 0],
        [0, 0, 0, 0, 0],
        [0, 0, 0, 0, 0],
        [0, 0, 0, 0, 0],
        [0, 0, 0, 0, 0]])
Test set : Average loss : 0.0000, Accuracy: 1/22544 ( 0.0%)1/1   0/0   0/0    0/0    0/0
召回率：tensor([1., nan, nan, nan, nan])
查准率：tensor([1., nan, nan, nan, nan])
准确率：tensor([1., 1., 1., 1., 1.])
F1：tensor([1., nan, nan, nan, nan])
tensor([[1, 0, 0, 0, 0],
        [0, 0, 0, 0, 0],
        [0, 0, 0, 0, 0],
        [0, 0, 0, 0, 0],
        [0, 0, 0, 0, 0]])
Test set : Average loss : 0.0000, Accuracy: 0/22544 ( 0.0%)0/1   0/0   0/0    0/0    0/0
召回率：tensor([0., nan, nan, nan, nan])
查准率：tensor([nan, nan, 0., nan, nan])
准确率：tensor([0., 1., 0., 1., 1.])
F1：tensor([nan, nan, nan, nan, nan])
tensor([[0, 0, 1, 0, 0],
        [0, 0, 0, 0, 0],
        [0, 0, 0, 0, 0],
        [0, 0, 0, 0, 0],
        [0, 0, 0, 0, 0]])
Test set : Average loss : 0.0000, Accuracy: 0/22544 ( 0.0%)0/0   0/1   0/0    0/0    0/0
召回率：tensor([nan, 0., nan, nan, nan])
查准率：tensor([nan, nan, 0., nan, nan])
准确率：tensor([1., 0., 0., 1., 1.])
F1：tensor([nan, nan, nan, nan, nan])
tensor([[0, 0, 0, 0, 0],
        [0, 0, 1, 0, 0],
        [0, 0, 0, 0, 0],
        [0, 0, 0, 0, 0],
        [0, 0, 0, 0, 0]])
Test set : Average loss : 0.0000, Accuracy: 0/22544 ( 0.0%)0/0   0/0   0/0    0/0    0/1
召回率：tensor([nan, nan, nan, nan, 0.])
查准率：tensor([0., nan, nan, nan, nan])
准确率：tensor([0., 1., 1., 1., 0.])
F1：tensor([nan, nan, nan, nan, nan])
tensor([[0, 0, 0, 0, 0],
        [0, 0, 0, 0, 0],
        [0, 0, 0, 0, 0],
        [0, 0, 0, 0, 0],
        [1, 0, 0, 0, 0]])
Test set : Average loss : 0.0000, Accuracy: 0/22544 ( 0.0%)0/1   0/0   0/0    0/0    0/0
召回率：tensor([0., nan, nan, nan, nan])
查准率：tensor([nan, nan, 0., nan, nan])
准确率：tensor([0., 1., 0., 1., 1.])
F1：tensor([nan, nan, nan, nan, nan])
tensor([[0, 0, 1, 0, 0],
        [0, 0, 0, 0, 0],
        [0, 0, 0, 0, 0],
        [0, 0, 0, 0, 0],
        [0, 0, 0, 0, 0]])
Test set : Average loss : 0.0000, Accuracy: 1/22544 ( 0.0%)0/0   1/1   0/0    0/0    0/0
召回率：tensor([nan, 1., nan, nan, nan])
查准率：tensor([nan, 1., nan, nan, nan])
准确率：tensor([1., 1., 1., 1., 1.])
F1：tensor([nan, 1., nan, nan, nan])
tensor([[0, 0, 0, 0, 0],
        [0, 1, 0, 0, 0],
        [0, 0, 0, 0, 0],
        [0, 0, 0, 0, 0],
        [0, 0, 0, 0, 0]])
Test set : Average loss : 0.0000, Accuracy: 0/22544 ( 0.0%)0/1   0/0   0/0    0/0    0/0
召回率：tensor([0., nan, nan, nan, nan])
查准率：tensor([nan, nan, 0., nan, nan])
准确率：tensor([0., 1., 0., 1., 1.])
F1：tensor([nan, nan, nan, nan, nan])
tensor([[0, 0, 1, 0, 0],
        [0, 0, 0, 0, 0],
        [0, 0, 0, 0, 0],
        [0, 0, 0, 0, 0],
        [0, 0, 0, 0, 0]])
Test set : Average loss : 0.0000, Accuracy: 0/22544 ( 0.0%)0/1   0/0   0/0    0/0    0/0
召回率：tensor([0., nan, nan, nan, nan])
查准率：tensor([nan, nan, 0., nan, nan])
准确率：tensor([0., 1., 0., 1., 1.])
F1：tensor([nan, nan, nan, nan, nan])
tensor([[0, 0, 1, 0, 0],
        [0, 0, 0, 0, 0],
        [0, 0, 0, 0, 0],
        [0, 0, 0, 0, 0],
        [0, 0, 0, 0, 0]])
Test set : Average loss : 0.0000, Accuracy: 1/22544 ( 0.0%)0/0   1/1   0/0    0/0    0/0
召回率：tensor([nan, 1., nan, nan, nan])
查准率：tensor([nan, 1., nan, nan, nan])
准确率：tensor([1., 1., 1., 1., 1.])
F1：tensor([nan, 1., nan, nan, nan])
tensor([[0, 0, 0, 0, 0],
        [0, 1, 0, 0, 0],
        [0, 0, 0, 0, 0],
        [0, 0, 0, 0, 0],
        [0, 0, 0, 0, 0]])
Test set : Average loss : 0.0000, Accuracy: 0/22544 ( 0.0%)0/1   0/0   0/0    0/0    0/0
召回率：tensor([0., nan, nan, nan, nan])
查准率：tensor([nan, nan, 0., nan, nan])
准确率：tensor([0., 1., 0., 1., 1.])
F1：tensor([nan, nan, nan, nan, nan])
tensor([[0, 0, 1, 0, 0],
        [0, 0, 0, 0, 0],
        [0, 0, 0, 0, 0],
        [0, 0, 0, 0, 0],
        [0, 0, 0, 0, 0]])
Test set : Average loss : 0.0000, Accuracy: 1/22544 ( 0.0%)0/0   1/1   0/0    0/0    0/0
召回率：tensor([nan, 1., nan, nan, nan])
查准率：tensor([nan, 1., nan, nan, nan])
准确率：tensor([1., 1., 1., 1., 1.])
F1：tensor([nan, 1., nan, nan, nan])
tensor([[0, 0, 0, 0, 0],
        [0, 1, 0, 0, 0],
        [0, 0, 0, 0, 0],
        [0, 0, 0, 0, 0],
        [0, 0, 0, 0, 0]])
Test set : Average loss : 0.0000, Accuracy: 1/22544 ( 0.0%)1/1   0/0   0/0    0/0    0/0
召回率：tensor([1., nan, nan, nan, nan])
查准率：tensor([1., nan, nan, nan, nan])
准确率：tensor([1., 1., 1., 1., 1.])
F1：tensor([1., nan, nan, nan, nan])
tensor([[1, 0, 0, 0, 0],
        [0, 0, 0, 0, 0],
        [0, 0, 0, 0, 0],
        [0, 0, 0, 0, 0],
        [0, 0, 0, 0, 0]])
Test set : Average loss : 0.0000, Accuracy: 1/22544 ( 0.0%)1/1   0/0   0/0    0/0    0/0
召回率：tensor([1., nan, nan, nan, nan])
查准率：tensor([1., nan, nan, nan, nan])
准确率：tensor([1., 1., 1., 1., 1.])
F1：tensor([1., nan, nan, nan, nan])
tensor([[1, 0, 0, 0, 0],
        [0, 0, 0, 0, 0],
        [0, 0, 0, 0, 0],
        [0, 0, 0, 0, 0],
        [0, 0, 0, 0, 0]])
Test set : Average loss : 0.0000, Accuracy: 0/22544 ( 0.0%)0/0   0/0   0/1    0/0    0/0
召回率：tensor([nan, nan, 0., nan, nan])
查准率：tensor([nan, 0., nan, nan, nan])
准确率：tensor([1., 0., 0., 1., 1.])
F1：tensor([nan, nan, nan, nan, nan])
tensor([[0, 0, 0, 0, 0],
        [0, 0, 0, 0, 0],
        [0, 1, 0, 0, 0],
        [0, 0, 0, 0, 0],
        [0, 0, 0, 0, 0]])
Test set : Average loss : 0.0000, Accuracy: 0/22544 ( 0.0%)0/0   0/0   0/1    0/0    0/0
召回率：tensor([nan, nan, 0., nan, nan])
查准率：tensor([nan, 0., nan, nan, nan])
准确率：tensor([1., 0., 0., 1., 1.])
F1：tensor([nan, nan, nan, nan, nan])
tensor([[0, 0, 0, 0, 0],
        [0, 0, 0, 0, 0],
        [0, 1, 0, 0, 0],
        [0, 0, 0, 0, 0],
        [0, 0, 0, 0, 0]])
Test set : Average loss : 0.0000, Accuracy: 1/22544 ( 0.0%)1/1   0/0   0/0    0/0    0/0
召回率：tensor([1., nan, nan, nan, nan])
查准率：tensor([1., nan, nan, nan, nan])
准确率：tensor([1., 1., 1., 1., 1.])
F1：tensor([1., nan, nan, nan, nan])
tensor([[1, 0, 0, 0, 0],
        [0, 0, 0, 0, 0],
        [0, 0, 0, 0, 0],
        [0, 0, 0, 0, 0],
        [0, 0, 0, 0, 0]])
Test set : Average loss : 0.0000, Accuracy: 0/22544 ( 0.0%)0/0   0/1   0/0    0/0    0/0
召回率：tensor([nan, 0., nan, nan, nan])
查准率：tensor([nan, nan, 0., nan, nan])
准确率：tensor([1., 0., 0., 1., 1.])
F1：tensor([nan, nan, nan, nan, nan])
tensor([[0, 0, 0, 0, 0],
        [0, 0, 1, 0, 0],
        [0, 0, 0, 0, 0],
        [0, 0, 0, 0, 0],
        [0, 0, 0, 0, 0]])
Test set : Average loss : 0.0000, Accuracy: 0/22544 ( 0.0%)0/1   0/0   0/0    0/0    0/0
召回率：tensor([0., nan, nan, nan, nan])
查准率：tensor([nan, nan, 0., nan, nan])
准确率：tensor([0., 1., 0., 1., 1.])
F1：tensor([nan, nan, nan, nan, nan])
tensor([[0, 0, 1, 0, 0],
        [0, 0, 0, 0, 0],
        [0, 0, 0, 0, 0],
        [0, 0, 0, 0, 0],
        [0, 0, 0, 0, 0]])
Test set : Average loss : 0.0000, Accuracy: 0/22544 ( 0.0%)0/0   0/1   0/0    0/0    0/0
召回率：tensor([nan, 0., nan, nan, nan])
查准率：tensor([0., nan, nan, nan, nan])
准确率：tensor([0., 0., 1., 1., 1.])
F1：tensor([nan, nan, nan, nan, nan])
tensor([[0, 0, 0, 0, 0],
        [1, 0, 0, 0, 0],
        [0, 0, 0, 0, 0],
        [0, 0, 0, 0, 0],
        [0, 0, 0, 0, 0]])
Test set : Average loss : 0.0000, Accuracy: 1/22544 ( 0.0%)1/1   0/0   0/0    0/0    0/0
召回率：tensor([1., nan, nan, nan, nan])
查准率：tensor([1., nan, nan, nan, nan])
准确率：tensor([1., 1., 1., 1., 1.])
F1：tensor([1., nan, nan, nan, nan])
tensor([[1, 0, 0, 0, 0],
        [0, 0, 0, 0, 0],
        [0, 0, 0, 0, 0],
        [0, 0, 0, 0, 0],
        [0, 0, 0, 0, 0]])
Test set : Average loss : 0.0000, Accuracy: 1/22544 ( 0.0%)1/1   0/0   0/0    0/0    0/0
召回率：tensor([1., nan, nan, nan, nan])
查准率：tensor([1., nan, nan, nan, nan])
准确率：tensor([1., 1., 1., 1., 1.])
F1：tensor([1., nan, nan, nan, nan])
tensor([[1, 0, 0, 0, 0],
        [0, 0, 0, 0, 0],
        [0, 0, 0, 0, 0],
        [0, 0, 0, 0, 0],
        [0, 0, 0, 0, 0]])
Test set : Average loss : 0.0000, Accuracy: 0/22544 ( 0.0%)0/1   0/0   0/0    0/0    0/0
召回率：tensor([0., nan, nan, nan, nan])
查准率：tensor([nan, nan, 0., nan, nan])
准确率：tensor([0., 1., 0., 1., 1.])
F1：tensor([nan, nan, nan, nan, nan])
tensor([[0, 0, 1, 0, 0],
        [0, 0, 0, 0, 0],
        [0, 0, 0, 0, 0],
        [0, 0, 0, 0, 0],
        [0, 0, 0, 0, 0]])
Test set : Average loss : 0.0000, Accuracy: 0/22544 ( 0.0%)0/0   0/1   0/0    0/0    0/0
召回率：tensor([nan, 0., nan, nan, nan])
查准率：tensor([nan, nan, 0., nan, nan])
准确率：tensor([1., 0., 0., 1., 1.])
F1：tensor([nan, nan, nan, nan, nan])
tensor([[0, 0, 0, 0, 0],
        [0, 0, 1, 0, 0],
        [0, 0, 0, 0, 0],
        [0, 0, 0, 0, 0],
        [0, 0, 0, 0, 0]])
Test set : Average loss : 0.0000, Accuracy: 0/22544 ( 0.0%)0/0   0/0   0/0    0/0    0/1
召回率：tensor([nan, nan, nan, nan, 0.])
查准率：tensor([0., nan, nan, nan, nan])
准确率：tensor([0., 1., 1., 1., 0.])
F1：tensor([nan, nan, nan, nan, nan])
tensor([[0, 0, 0, 0, 0],
        [0, 0, 0, 0, 0],
        [0, 0, 0, 0, 0],
        [0, 0, 0, 0, 0],
        [1, 0, 0, 0, 0]])
Test set : Average loss : 0.0000, Accuracy: 0/22544 ( 0.0%)0/1   0/0   0/0    0/0    0/0
召回率：tensor([0., nan, nan, nan, nan])
查准率：tensor([nan, nan, 0., nan, nan])
准确率：tensor([0., 1., 0., 1., 1.])
F1：tensor([nan, nan, nan, nan, nan])
tensor([[0, 0, 1, 0, 0],
        [0, 0, 0, 0, 0],
        [0, 0, 0, 0, 0],
        [0, 0, 0, 0, 0],
        [0, 0, 0, 0, 0]])
Test set : Average loss : 0.0000, Accuracy: 0/22544 ( 0.0%)0/1   0/0   0/0    0/0    0/0
召回率：tensor([0., nan, nan, nan, nan])
查准率：tensor([nan, nan, 0., nan, nan])
准确率：tensor([0., 1., 0., 1., 1.])
F1：tensor([nan, nan, nan, nan, nan])
tensor([[0, 0, 1, 0, 0],
        [0, 0, 0, 0, 0],
        [0, 0, 0, 0, 0],
        [0, 0, 0, 0, 0],
        [0, 0, 0, 0, 0]])
Test set : Average loss : 0.0000, Accuracy: 1/22544 ( 0.0%)0/0   1/1   0/0    0/0    0/0
召回率：tensor([nan, 1., nan, nan, nan])
查准率：tensor([nan, 1., nan, nan, nan])
准确率：tensor([1., 1., 1., 1., 1.])
F1：tensor([nan, 1., nan, nan, nan])
tensor([[0, 0, 0, 0, 0],
        [0, 1, 0, 0, 0],
        [0, 0, 0, 0, 0],
        [0, 0, 0, 0, 0],
        [0, 0, 0, 0, 0]])
Test set : Average loss : 0.0000, Accuracy: 0/22544 ( 0.0%)0/1   0/0   0/0    0/0    0/0
召回率：tensor([0., nan, nan, nan, nan])
查准率：tensor([nan, nan, 0., nan, nan])
准确率：tensor([0., 1., 0., 1., 1.])
F1：tensor([nan, nan, nan, nan, nan])
tensor([[0, 0, 1, 0, 0],
        [0, 0, 0, 0, 0],
        [0, 0, 0, 0, 0],
        [0, 0, 0, 0, 0],
        [0, 0, 0, 0, 0]])
Test set : Average loss : 0.0000, Accuracy: 1/22544 ( 0.0%)0/0   1/1   0/0    0/0    0/0
召回率：tensor([nan, 1., nan, nan, nan])
查准率：tensor([nan, 1., nan, nan, nan])
准确率：tensor([1., 1., 1., 1., 1.])
F1：tensor([nan, 1., nan, nan, nan])
tensor([[0, 0, 0, 0, 0],
        [0, 1, 0, 0, 0],
        [0, 0, 0, 0, 0],
        [0, 0, 0, 0, 0],
        [0, 0, 0, 0, 0]])
Test set : Average loss : 0.0000, Accuracy: 1/22544 ( 0.0%)1/1   0/0   0/0    0/0    0/0
召回率：tensor([1., nan, nan, nan, nan])
查准率：tensor([1., nan, nan, nan, nan])
准确率：tensor([1., 1., 1., 1., 1.])
F1：tensor([1., nan, nan, nan, nan])
tensor([[1, 0, 0, 0, 0],
        [0, 0, 0, 0, 0],
        [0, 0, 0, 0, 0],
        [0, 0, 0, 0, 0],
        [0, 0, 0, 0, 0]])
Test set : Average loss : 0.0000, Accuracy: 1/22544 ( 0.0%)0/0   1/1   0/0    0/0    0/0
召回率：tensor([nan, 1., nan, nan, nan])
查准率：tensor([nan, 1., nan, nan, nan])
准确率：tensor([1., 1., 1., 1., 1.])
F1：tensor([nan, 1., nan, nan, nan])
tensor([[0, 0, 0, 0, 0],
        [0, 1, 0, 0, 0],
        [0, 0, 0, 0, 0],
        [0, 0, 0, 0, 0],
        [0, 0, 0, 0, 0]])
Test set : Average loss : 0.0000, Accuracy: 0/22544 ( 0.0%)0/1   0/0   0/0    0/0    0/0
召回率：tensor([0., nan, nan, nan, nan])
查准率：tensor([nan, nan, 0., nan, nan])
准确率：tensor([0., 1., 0., 1., 1.])
F1：tensor([nan, nan, nan, nan, nan])
tensor([[0, 0, 1, 0, 0],
        [0, 0, 0, 0, 0],
        [0, 0, 0, 0, 0],
        [0, 0, 0, 0, 0],
        [0, 0, 0, 0, 0]])
Test set : Average loss : 0.0000, Accuracy: 1/22544 ( 0.0%)1/1   0/0   0/0    0/0    0/0
召回率：tensor([1., nan, nan, nan, nan])
查准率：tensor([1., nan, nan, nan, nan])
准确率：tensor([1., 1., 1., 1., 1.])
F1：tensor([1., nan, nan, nan, nan])
tensor([[1, 0, 0, 0, 0],
        [0, 0, 0, 0, 0],
        [0, 0, 0, 0, 0],
        [0, 0, 0, 0, 0],
        [0, 0, 0, 0, 0]])
Test set : Average loss : 0.0000, Accuracy: 0/22544 ( 0.0%)0/0   0/0   0/1    0/0    0/0
召回率：tensor([nan, nan, 0., nan, nan])
查准率：tensor([nan, 0., nan, nan, nan])
准确率：tensor([1., 0., 0., 1., 1.])
F1：tensor([nan, nan, nan, nan, nan])
tensor([[0, 0, 0, 0, 0],
        [0, 0, 0, 0, 0],
        [0, 1, 0, 0, 0],
        [0, 0, 0, 0, 0],
        [0, 0, 0, 0, 0]])
Test set : Average loss : 0.0000, Accuracy: 0/22544 ( 0.0%)0/0   0/0   0/1    0/0    0/0
召回率：tensor([nan, nan, 0., nan, nan])
查准率：tensor([nan, 0., nan, nan, nan])
准确率：tensor([1., 0., 0., 1., 1.])
F1：tensor([nan, nan, nan, nan, nan])
tensor([[0, 0, 0, 0, 0],
        [0, 0, 0, 0, 0],
        [0, 1, 0, 0, 0],
        [0, 0, 0, 0, 0],
        [0, 0, 0, 0, 0]])
Test set : Average loss : 0.0000, Accuracy: 1/22544 ( 0.0%)1/1   0/0   0/0    0/0    0/0
召回率：tensor([1., nan, nan, nan, nan])
查准率：tensor([1., nan, nan, nan, nan])
准确率：tensor([1., 1., 1., 1., 1.])
F1：tensor([1., nan, nan, nan, nan])
tensor([[1, 0, 0, 0, 0],
        [0, 0, 0, 0, 0],
        [0, 0, 0, 0, 0],
        [0, 0, 0, 0, 0],
        [0, 0, 0, 0, 0]])
Test set : Average loss : 0.0000, Accuracy: 0/22544 ( 0.0%)0/0   0/1   0/0    0/0    0/0
召回率：tensor([nan, 0., nan, nan, nan])
查准率：tensor([nan, nan, 0., nan, nan])
准确率：tensor([1., 0., 0., 1., 1.])
F1：tensor([nan, nan, nan, nan, nan])
tensor([[0, 0, 0, 0, 0],
        [0, 0, 1, 0, 0],
        [0, 0, 0, 0, 0],
        [0, 0, 0, 0, 0],
        [0, 0, 0, 0, 0]])
Test set : Average loss : 0.0000, Accuracy: 0/22544 ( 0.0%)0/1   0/0   0/0    0/0    0/0
召回率：tensor([0., nan, nan, nan, nan])
查准率：tensor([nan, nan, 0., nan, nan])
准确率：tensor([0., 1., 0., 1., 1.])
F1：tensor([nan, nan, nan, nan, nan])
tensor([[0, 0, 1, 0, 0],
        [0, 0, 0, 0, 0],
        [0, 0, 0, 0, 0],
        [0, 0, 0, 0, 0],
        [0, 0, 0, 0, 0]])
Test set : Average loss : 0.0000, Accuracy: 0/22544 ( 0.0%)0/0   0/1   0/0    0/0    0/0
召回率：tensor([nan, 0., nan, nan, nan])
查准率：tensor([0., nan, nan, nan, nan])
准确率：tensor([0., 0., 1., 1., 1.])
F1：tensor([nan, nan, nan, nan, nan])
tensor([[0, 0, 0, 0, 0],
        [1, 0, 0, 0, 0],
        [0, 0, 0, 0, 0],
        [0, 0, 0, 0, 0],
        [0, 0, 0, 0, 0]])
Test set : Average loss : 0.0000, Accuracy: 1/22544 ( 0.0%)1/1   0/0   0/0    0/0    0/0
召回率：tensor([1., nan, nan, nan, nan])
查准率：tensor([1., nan, nan, nan, nan])
准确率：tensor([1., 1., 1., 1., 1.])
F1：tensor([1., nan, nan, nan, nan])
tensor([[1, 0, 0, 0, 0],
        [0, 0, 0, 0, 0],
        [0, 0, 0, 0, 0],
        [0, 0, 0, 0, 0],
        [0, 0, 0, 0, 0]])
Test set : Average loss : 0.0000, Accuracy: 0/22544 ( 0.0%)0/0   0/1   0/0    0/0    0/0
召回率：tensor([nan, 0., nan, nan, nan])
查准率：tensor([nan, nan, 0., nan, nan])
准确率：tensor([1., 0., 0., 1., 1.])
F1：tensor([nan, nan, nan, nan, nan])
tensor([[0, 0, 0, 0, 0],
        [0, 0, 1, 0, 0],
        [0, 0, 0, 0, 0],
        [0, 0, 0, 0, 0],
        [0, 0, 0, 0, 0]])
Test set : Average loss : 0.0000, Accuracy: 0/22544 ( 0.0%)0/0   0/0   0/0    0/0    0/1
召回率：tensor([nan, nan, nan, nan, 0.])
查准率：tensor([0., nan, nan, nan, nan])
准确率：tensor([0., 1., 1., 1., 0.])
F1：tensor([nan, nan, nan, nan, nan])
tensor([[0, 0, 0, 0, 0],
        [0, 0, 0, 0, 0],
        [0, 0, 0, 0, 0],
        [0, 0, 0, 0, 0],
        [1, 0, 0, 0, 0]])
Test set : Average loss : 0.0000, Accuracy: 1/22544 ( 0.0%)1/1   0/0   0/0    0/0    0/0
召回率：tensor([1., nan, nan, nan, nan])
查准率：tensor([1., nan, nan, nan, nan])
准确率：tensor([1., 1., 1., 1., 1.])
F1：tensor([1., nan, nan, nan, nan])
tensor([[1, 0, 0, 0, 0],
        [0, 0, 0, 0, 0],
        [0, 0, 0, 0, 0],
        [0, 0, 0, 0, 0],
        [0, 0, 0, 0, 0]])
Test set : Average loss : 0.0000, Accuracy: 0/22544 ( 0.0%)0/1   0/0   0/0    0/0    0/0
召回率：tensor([0., nan, nan, nan, nan])
查准率：tensor([nan, nan, 0., nan, nan])
准确率：tensor([0., 1., 0., 1., 1.])
F1：tensor([nan, nan, nan, nan, nan])
tensor([[0, 0, 1, 0, 0],
        [0, 0, 0, 0, 0],
        [0, 0, 0, 0, 0],
        [0, 0, 0, 0, 0],
        [0, 0, 0, 0, 0]])
Test set : Average loss : 0.0000, Accuracy: 0/22544 ( 0.0%)0/1   0/0   0/0    0/0    0/0
召回率：tensor([0., nan, nan, nan, nan])
查准率：tensor([nan, nan, 0., nan, nan])
准确率：tensor([0., 1., 0., 1., 1.])
F1：tensor([nan, nan, nan, nan, nan])
tensor([[0, 0, 1, 0, 0],
        [0, 0, 0, 0, 0],
        [0, 0, 0, 0, 0],
        [0, 0, 0, 0, 0],
        [0, 0, 0, 0, 0]])
Test set : Average loss : 0.0000, Accuracy: 1/22544 ( 0.0%)0/0   1/1   0/0    0/0    0/0
召回率：tensor([nan, 1., nan, nan, nan])
查准率：tensor([nan, 1., nan, nan, nan])
准确率：tensor([1., 1., 1., 1., 1.])
F1：tensor([nan, 1., nan, nan, nan])
tensor([[0, 0, 0, 0, 0],
        [0, 1, 0, 0, 0],
        [0, 0, 0, 0, 0],
        [0, 0, 0, 0, 0],
        [0, 0, 0, 0, 0]])
Test set : Average loss : 0.0000, Accuracy: 0/22544 ( 0.0%)0/1   0/0   0/0    0/0    0/0
召回率：tensor([0., nan, nan, nan, nan])
查准率：tensor([nan, nan, 0., nan, nan])
准确率：tensor([0., 1., 0., 1., 1.])
F1：tensor([nan, nan, nan, nan, nan])
tensor([[0, 0, 1, 0, 0],
        [0, 0, 0, 0, 0],
        [0, 0, 0, 0, 0],
        [0, 0, 0, 0, 0],
        [0, 0, 0, 0, 0]])
Test set : Average loss : 0.0000, Accuracy: 0/22544 ( 0.0%)0/1   0/0   0/0    0/0    0/0
召回率：tensor([0., nan, nan, nan, nan])
查准率：tensor([nan, nan, 0., nan, nan])
准确率：tensor([0., 1., 0., 1., 1.])
F1：tensor([nan, nan, nan, nan, nan])
tensor([[0, 0, 1, 0, 0],
        [0, 0, 0, 0, 0],
        [0, 0, 0, 0, 0],
        [0, 0, 0, 0, 0],
        [0, 0, 0, 0, 0]])
Test set : Average loss : 0.0000, Accuracy: 1/22544 ( 0.0%)0/0   1/1   0/0    0/0    0/0
召回率：tensor([nan, 1., nan, nan, nan])
查准率：tensor([nan, 1., nan, nan, nan])
准确率：tensor([1., 1., 1., 1., 1.])
F1：tensor([nan, 1., nan, nan, nan])
tensor([[0, 0, 0, 0, 0],
        [0, 1, 0, 0, 0],
        [0, 0, 0, 0, 0],
        [0, 0, 0, 0, 0],
        [0, 0, 0, 0, 0]])
Test set : Average loss : 0.0000, Accuracy: 0/22544 ( 0.0%)0/1   0/0   0/0    0/0    0/0
召回率：tensor([0., nan, nan, nan, nan])
查准率：tensor([nan, nan, 0., nan, nan])
准确率：tensor([0., 1., 0., 1., 1.])
F1：tensor([nan, nan, nan, nan, nan])
tensor([[0, 0, 1, 0, 0],
        [0, 0, 0, 0, 0],
        [0, 0, 0, 0, 0],
        [0, 0, 0, 0, 0],
        [0, 0, 0, 0, 0]])
Test set : Average loss : 0.0000, Accuracy: 1/22544 ( 0.0%)0/0   1/1   0/0    0/0    0/0
召回率：tensor([nan, 1., nan, nan, nan])
查准率：tensor([nan, 1., nan, nan, nan])
准确率：tensor([1., 1., 1., 1., 1.])
F1：tensor([nan, 1., nan, nan, nan])
tensor([[0, 0, 0, 0, 0],
        [0, 1, 0, 0, 0],
        [0, 0, 0, 0, 0],
        [0, 0, 0, 0, 0],
        [0, 0, 0, 0, 0]])
Test set : Average loss : 0.0000, Accuracy: 1/22544 ( 0.0%)1/1   0/0   0/0    0/0    0/0
召回率：tensor([1., nan, nan, nan, nan])
查准率：tensor([1., nan, nan, nan, nan])
准确率：tensor([1., 1., 1., 1., 1.])
F1：tensor([1., nan, nan, nan, nan])
tensor([[1, 0, 0, 0, 0],
        [0, 0, 0, 0, 0],
        [0, 0, 0, 0, 0],
        [0, 0, 0, 0, 0],
        [0, 0, 0, 0, 0]])
Test set : Average loss : 0.0000, Accuracy: 1/22544 ( 0.0%)1/1   0/0   0/0    0/0    0/0
召回率：tensor([1., nan, nan, nan, nan])
查准率：tensor([1., nan, nan, nan, nan])
准确率：tensor([1., 1., 1., 1., 1.])
F1：tensor([1., nan, nan, nan, nan])
tensor([[1, 0, 0, 0, 0],
        [0, 0, 0, 0, 0],
        [0, 0, 0, 0, 0],
        [0, 0, 0, 0, 0],
        [0, 0, 0, 0, 0]])
Test set : Average loss : 0.0000, Accuracy: 0/22544 ( 0.0%)0/0   0/0   0/1    0/0    0/0
召回率：tensor([nan, nan, 0., nan, nan])
查准率：tensor([nan, 0., nan, nan, nan])
准确率：tensor([1., 0., 0., 1., 1.])
F1：tensor([nan, nan, nan, nan, nan])
tensor([[0, 0, 0, 0, 0],
        [0, 0, 0, 0, 0],
        [0, 1, 0, 0, 0],
        [0, 0, 0, 0, 0],
        [0, 0, 0, 0, 0]])
Test set : Average loss : 0.0000, Accuracy: 0/22544 ( 0.0%)0/0   0/0   0/1    0/0    0/0
召回率：tensor([nan, nan, 0., nan, nan])
查准率：tensor([nan, 0., nan, nan, nan])
准确率：tensor([1., 0., 0., 1., 1.])
F1：tensor([nan, nan, nan, nan, nan])
tensor([[0, 0, 0, 0, 0],
        [0, 0, 0, 0, 0],
        [0, 1, 0, 0, 0],
        [0, 0, 0, 0, 0],
        [0, 0, 0, 0, 0]])
Test set : Average loss : 0.0000, Accuracy: 1/22544 ( 0.0%)1/1   0/0   0/0    0/0    0/0
召回率：tensor([1., nan, nan, nan, nan])
查准率：tensor([1., nan, nan, nan, nan])
准确率：tensor([1., 1., 1., 1., 1.])
F1：tensor([1., nan, nan, nan, nan])
tensor([[1, 0, 0, 0, 0],
        [0, 0, 0, 0, 0],
        [0, 0, 0, 0, 0],
        [0, 0, 0, 0, 0],
        [0, 0, 0, 0, 0]])
Test set : Average loss : 0.0000, Accuracy: 0/22544 ( 0.0%)0/0   0/1   0/0    0/0    0/0
召回率：tensor([nan, 0., nan, nan, nan])
查准率：tensor([0., nan, nan, nan, nan])
准确率：tensor([0., 0., 1., 1., 1.])
F1：tensor([nan, nan, nan, nan, nan])
tensor([[0, 0, 0, 0, 0],
        [1, 0, 0, 0, 0],
        [0, 0, 0, 0, 0],
        [0, 0, 0, 0, 0],
        [0, 0, 0, 0, 0]])
Test set : Average loss : 0.0000, Accuracy: 1/22544 ( 0.0%)1/1   0/0   0/0    0/0    0/0
召回率：tensor([1., nan, nan, nan, nan])
查准率：tensor([1., nan, nan, nan, nan])
准确率：tensor([1., 1., 1., 1., 1.])
F1：tensor([1., nan, nan, nan, nan])
tensor([[1, 0, 0, 0, 0],
        [0, 0, 0, 0, 0],
        [0, 0, 0, 0, 0],
        [0, 0, 0, 0, 0],
        [0, 0, 0, 0, 0]])
Test set : Average loss : 0.0000, Accuracy: 0/22544 ( 0.0%)0/0   0/1   0/0    0/0    0/0
召回率：tensor([nan, 0., nan, nan, nan])
查准率：tensor([nan, nan, 0., nan, nan])
准确率：tensor([1., 0., 0., 1., 1.])
F1：tensor([nan, nan, nan, nan, nan])
tensor([[0, 0, 0, 0, 0],
        [0, 0, 1, 0, 0],
        [0, 0, 0, 0, 0],
        [0, 0, 0, 0, 0],
        [0, 0, 0, 0, 0]])
Test set : Average loss : 0.0000, Accuracy: 0/22544 ( 0.0%)0/1   0/0   0/0    0/0    0/0
召回率：tensor([0., nan, nan, nan, nan])
查准率：tensor([nan, nan, 0., nan, nan])
准确率：tensor([0., 1., 0., 1., 1.])
F1：tensor([nan, nan, nan, nan, nan])
tensor([[0, 0, 1, 0, 0],
        [0, 0, 0, 0, 0],
        [0, 0, 0, 0, 0],
        [0, 0, 0, 0, 0],
        [0, 0, 0, 0, 0]])
Test set : Average loss : 0.0000, Accuracy: 1/22544 ( 0.0%)1/1   0/0   0/0    0/0    0/0
召回率：tensor([1., nan, nan, nan, nan])
查准率：tensor([1., nan, nan, nan, nan])
准确率：tensor([1., 1., 1., 1., 1.])
F1：tensor([1., nan, nan, nan, nan])
tensor([[1, 0, 0, 0, 0],
        [0, 0, 0, 0, 0],
        [0, 0, 0, 0, 0],
        [0, 0, 0, 0, 0],
        [0, 0, 0, 0, 0]])
Test set : Average loss : 0.0000, Accuracy: 0/22544 ( 0.0%)0/1   0/0   0/0    0/0    0/0
召回率：tensor([0., nan, nan, nan, nan])
查准率：tensor([nan, nan, 0., nan, nan])
准确率：tensor([0., 1., 0., 1., 1.])
F1：tensor([nan, nan, nan, nan, nan])
tensor([[0, 0, 1, 0, 0],
        [0, 0, 0, 0, 0],
        [0, 0, 0, 0, 0],
        [0, 0, 0, 0, 0],
        [0, 0, 0, 0, 0]])
Test set : Average loss : 0.0000, Accuracy: 0/22544 ( 0.0%)0/0   0/1   0/0    0/0    0/0
召回率：tensor([nan, 0., nan, nan, nan])
查准率：tensor([nan, nan, 0., nan, nan])
准确率：tensor([1., 0., 0., 1., 1.])
F1：tensor([nan, nan, nan, nan, nan])
tensor([[0, 0, 0, 0, 0],
        [0, 0, 1, 0, 0],
        [0, 0, 0, 0, 0],
        [0, 0, 0, 0, 0],
        [0, 0, 0, 0, 0]])
Test set : Average loss : 0.0000, Accuracy: 0/22544 ( 0.0%)0/0   0/0   0/0    0/0    0/1
召回率：tensor([nan, nan, nan, nan, 0.])
查准率：tensor([0., nan, nan, nan, nan])
准确率：tensor([0., 1., 1., 1., 0.])
F1：tensor([nan, nan, nan, nan, nan])
tensor([[0, 0, 0, 0, 0],
        [0, 0, 0, 0, 0],
        [0, 0, 0, 0, 0],
        [0, 0, 0, 0, 0],
        [1, 0, 0, 0, 0]])
Test set : Average loss : 0.0000, Accuracy: 0/22544 ( 0.0%)0/1   0/0   0/0    0/0    0/0
召回率：tensor([0., nan, nan, nan, nan])
查准率：tensor([nan, nan, 0., nan, nan])
准确率：tensor([0., 1., 0., 1., 1.])
F1：tensor([nan, nan, nan, nan, nan])
tensor([[0, 0, 1, 0, 0],
        [0, 0, 0, 0, 0],
        [0, 0, 0, 0, 0],
        [0, 0, 0, 0, 0],
        [0, 0, 0, 0, 0]])
Test set : Average loss : 0.0000, Accuracy: 1/22544 ( 0.0%)0/0   1/1   0/0    0/0    0/0
召回率：tensor([nan, 1., nan, nan, nan])
查准率：tensor([nan, 1., nan, nan, nan])
准确率：tensor([1., 1., 1., 1., 1.])
F1：tensor([nan, 1., nan, nan, nan])
tensor([[0, 0, 0, 0, 0],
        [0, 1, 0, 0, 0],
        [0, 0, 0, 0, 0],
        [0, 0, 0, 0, 0],
        [0, 0, 0, 0, 0]])
Test set : Average loss : 0.0000, Accuracy: 0/22544 ( 0.0%)0/1   0/0   0/0    0/0    0/0
召回率：tensor([0., nan, nan, nan, nan])
查准率：tensor([nan, nan, 0., nan, nan])
准确率：tensor([0., 1., 0., 1., 1.])
F1：tensor([nan, nan, nan, nan, nan])
tensor([[0, 0, 1, 0, 0],
        [0, 0, 0, 0, 0],
        [0, 0, 0, 0, 0],
        [0, 0, 0, 0, 0],
        [0, 0, 0, 0, 0]])
Test set : Average loss : 0.0000, Accuracy: 0/22544 ( 0.0%)0/1   0/0   0/0    0/0    0/0
召回率：tensor([0., nan, nan, nan, nan])
查准率：tensor([nan, nan, 0., nan, nan])
准确率：tensor([0., 1., 0., 1., 1.])
F1：tensor([nan, nan, nan, nan, nan])
tensor([[0, 0, 1, 0, 0],
        [0, 0, 0, 0, 0],
        [0, 0, 0, 0, 0],
        [0, 0, 0, 0, 0],
        [0, 0, 0, 0, 0]])
Test set : Average loss : 0.0000, Accuracy: 1/22544 ( 0.0%)0/0   1/1   0/0    0/0    0/0
召回率：tensor([nan, 1., nan, nan, nan])
查准率：tensor([nan, 1., nan, nan, nan])
准确率：tensor([1., 1., 1., 1., 1.])
F1：tensor([nan, 1., nan, nan, nan])
tensor([[0, 0, 0, 0, 0],
        [0, 1, 0, 0, 0],
        [0, 0, 0, 0, 0],
        [0, 0, 0, 0, 0],
        [0, 0, 0, 0, 0]])
Test set : Average loss : 0.0000, Accuracy: 0/22544 ( 0.0%)0/1   0/0   0/0    0/0    0/0
召回率：tensor([0., nan, nan, nan, nan])
查准率：tensor([nan, nan, 0., nan, nan])
准确率：tensor([0., 1., 0., 1., 1.])
F1：tensor([nan, nan, nan, nan, nan])
tensor([[0, 0, 1, 0, 0],
        [0, 0, 0, 0, 0],
        [0, 0, 0, 0, 0],
        [0, 0, 0, 0, 0],
        [0, 0, 0, 0, 0]])
Test set : Average loss : 0.0000, Accuracy: 1/22544 ( 0.0%)0/0   1/1   0/0    0/0    0/0
召回率：tensor([nan, 1., nan, nan, nan])
查准率：tensor([nan, 1., nan, nan, nan])
准确率：tensor([1., 1., 1., 1., 1.])
F1：tensor([nan, 1., nan, nan, nan])
tensor([[0, 0, 0, 0, 0],
        [0, 1, 0, 0, 0],
        [0, 0, 0, 0, 0],
        [0, 0, 0, 0, 0],
        [0, 0, 0, 0, 0]])
Test set : Average loss : 0.0000, Accuracy: 1/22544 ( 0.0%)1/1   0/0   0/0    0/0    0/0
召回率：tensor([1., nan, nan, nan, nan])
查准率：tensor([1., nan, nan, nan, nan])
准确率：tensor([1., 1., 1., 1., 1.])
F1：tensor([1., nan, nan, nan, nan])
tensor([[1, 0, 0, 0, 0],
        [0, 0, 0, 0, 0],
        [0, 0, 0, 0, 0],
        [0, 0, 0, 0, 0],
        [0, 0, 0, 0, 0]])
Test set : Average loss : 0.0000, Accuracy: 0/22544 ( 0.0%)0/0   0/0   0/1    0/0    0/0
召回率：tensor([nan, nan, 0., nan, nan])
查准率：tensor([nan, 0., nan, nan, nan])
准确率：tensor([1., 0., 0., 1., 1.])
F1：tensor([nan, nan, nan, nan, nan])
tensor([[0, 0, 0, 0, 0],
        [0, 0, 0, 0, 0],
        [0, 1, 0, 0, 0],
        [0, 0, 0, 0, 0],
        [0, 0, 0, 0, 0]])
Test set : Average loss : 0.0000, Accuracy: 1/22544 ( 0.0%)1/1   0/0   0/0    0/0    0/0
召回率：tensor([1., nan, nan, nan, nan])
查准率：tensor([1., nan, nan, nan, nan])
准确率：tensor([1., 1., 1., 1., 1.])
F1：tensor([1., nan, nan, nan, nan])
tensor([[1, 0, 0, 0, 0],
        [0, 0, 0, 0, 0],
        [0, 0, 0, 0, 0],
        [0, 0, 0, 0, 0],
        [0, 0, 0, 0, 0]])
Test set : Average loss : 0.0000, Accuracy: 1/22544 ( 0.0%)1/1   0/0   0/0    0/0    0/0
召回率：tensor([1., nan, nan, nan, nan])
查准率：tensor([1., nan, nan, nan, nan])
准确率：tensor([1., 1., 1., 1., 1.])
F1：tensor([1., nan, nan, nan, nan])
tensor([[1, 0, 0, 0, 0],
        [0, 0, 0, 0, 0],
        [0, 0, 0, 0, 0],
        [0, 0, 0, 0, 0],
        [0, 0, 0, 0, 0]])
Test set : Average loss : 0.0000, Accuracy: 0/22544 ( 0.0%)0/0   0/0   0/1    0/0    0/0
召回率：tensor([nan, nan, 0., nan, nan])
查准率：tensor([nan, 0., nan, nan, nan])
准确率：tensor([1., 0., 0., 1., 1.])
F1：tensor([nan, nan, nan, nan, nan])
tensor([[0, 0, 0, 0, 0],
        [0, 0, 0, 0, 0],
        [0, 1, 0, 0, 0],
        [0, 0, 0, 0, 0],
        [0, 0, 0, 0, 0]])
Test set : Average loss : 0.0000, Accuracy: 0/22544 ( 0.0%)0/0   0/1   0/0    0/0    0/0
召回率：tensor([nan, 0., nan, nan, nan])
查准率：tensor([0., nan, nan, nan, nan])
准确率：tensor([0., 0., 1., 1., 1.])
F1：tensor([nan, nan, nan, nan, nan])
tensor([[0, 0, 0, 0, 0],
        [1, 0, 0, 0, 0],
        [0, 0, 0, 0, 0],
        [0, 0, 0, 0, 0],
        [0, 0, 0, 0, 0]])
Test set : Average loss : 0.0000, Accuracy: 1/22544 ( 0.0%)1/1   0/0   0/0    0/0    0/0
召回率：tensor([1., nan, nan, nan, nan])
查准率：tensor([1., nan, nan, nan, nan])
准确率：tensor([1., 1., 1., 1., 1.])
F1：tensor([1., nan, nan, nan, nan])
tensor([[1, 0, 0, 0, 0],
        [0, 0, 0, 0, 0],
        [0, 0, 0, 0, 0],
        [0, 0, 0, 0, 0],
        [0, 0, 0, 0, 0]])
Test set : Average loss : 0.0000, Accuracy: 0/22544 ( 0.0%)0/0   0/1   0/0    0/0    0/0
召回率：tensor([nan, 0., nan, nan, nan])
查准率：tensor([nan, nan, 0., nan, nan])
准确率：tensor([1., 0., 0., 1., 1.])
F1：tensor([nan, nan, nan, nan, nan])
tensor([[0, 0, 0, 0, 0],
        [0, 0, 1, 0, 0],
        [0, 0, 0, 0, 0],
        [0, 0, 0, 0, 0],
        [0, 0, 0, 0, 0]])
Test set : Average loss : 0.0000, Accuracy: 0/22544 ( 0.0%)0/1   0/0   0/0    0/0    0/0
召回率：tensor([0., nan, nan, nan, nan])
查准率：tensor([nan, nan, 0., nan, nan])
准确率：tensor([0., 1., 0., 1., 1.])
F1：tensor([nan, nan, nan, nan, nan])
tensor([[0, 0, 1, 0, 0],
        [0, 0, 0, 0, 0],
        [0, 0, 0, 0, 0],
        [0, 0, 0, 0, 0],
        [0, 0, 0, 0, 0]])
Test set : Average loss : 0.0000, Accuracy: 0/22544 ( 0.0%)0/0   0/1   0/0    0/0    0/0
召回率：tensor([nan, 0., nan, nan, nan])
查准率：tensor([nan, nan, 0., nan, nan])
准确率：tensor([1., 0., 0., 1., 1.])
F1：tensor([nan, nan, nan, nan, nan])
tensor([[0, 0, 0, 0, 0],
        [0, 0, 1, 0, 0],
        [0, 0, 0, 0, 0],
        [0, 0, 0, 0, 0],
        [0, 0, 0, 0, 0]])
Test set : Average loss : 0.0000, Accuracy: 0/22544 ( 0.0%)0/0   0/0   0/0    0/0    0/1
召回率：tensor([nan, nan, nan, nan, 0.])
查准率：tensor([0., nan, nan, nan, nan])
准确率：tensor([0., 1., 1., 1., 0.])
F1：tensor([nan, nan, nan, nan, nan])
tensor([[0, 0, 0, 0, 0],
        [0, 0, 0, 0, 0],
        [0, 0, 0, 0, 0],
        [0, 0, 0, 0, 0],
        [1, 0, 0, 0, 0]])
Test set : Average loss : 0.0000, Accuracy: 1/22544 ( 0.0%)1/1   0/0   0/0    0/0    0/0
召回率：tensor([1., nan, nan, nan, nan])
查准率：tensor([1., nan, nan, nan, nan])
准确率：tensor([1., 1., 1., 1., 1.])
F1：tensor([1., nan, nan, nan, nan])
tensor([[1, 0, 0, 0, 0],
        [0, 0, 0, 0, 0],
        [0, 0, 0, 0, 0],
        [0, 0, 0, 0, 0],
        [0, 0, 0, 0, 0]])
Test set : Average loss : 0.0000, Accuracy: 0/22544 ( 0.0%)0/1   0/0   0/0    0/0    0/0
召回率：tensor([0., nan, nan, nan, nan])
查准率：tensor([nan, nan, 0., nan, nan])
准确率：tensor([0., 1., 0., 1., 1.])
F1：tensor([nan, nan, nan, nan, nan])
tensor([[0, 0, 1, 0, 0],
        [0, 0, 0, 0, 0],
        [0, 0, 0, 0, 0],
        [0, 0, 0, 0, 0],
        [0, 0, 0, 0, 0]])
Test set : Average loss : 0.0000, Accuracy: 0/22544 ( 0.0%)0/1   0/0   0/0    0/0    0/0
召回率：tensor([0., nan, nan, nan, nan])
查准率：tensor([nan, nan, 0., nan, nan])
准确率：tensor([0., 1., 0., 1., 1.])
F1：tensor([nan, nan, nan, nan, nan])
tensor([[0, 0, 1, 0, 0],
        [0, 0, 0, 0, 0],
        [0, 0, 0, 0, 0],
        [0, 0, 0, 0, 0],
        [0, 0, 0, 0, 0]])
Test set : Average loss : 0.0000, Accuracy: 0/22544 ( 0.0%)0/1   0/0   0/0    0/0    0/0
召回率：tensor([0., nan, nan, nan, nan])
查准率：tensor([nan, nan, 0., nan, nan])
准确率：tensor([0., 1., 0., 1., 1.])
F1：tensor([nan, nan, nan, nan, nan])
tensor([[0, 0, 1, 0, 0],
        [0, 0, 0, 0, 0],
        [0, 0, 0, 0, 0],
        [0, 0, 0, 0, 0],
        [0, 0, 0, 0, 0]])
Test set : Average loss : 0.0000, Accuracy: 0/22544 ( 0.0%)0/1   0/0   0/0    0/0    0/0
召回率：tensor([0., nan, nan, nan, nan])
查准率：tensor([nan, nan, 0., nan, nan])
准确率：tensor([0., 1., 0., 1., 1.])
F1：tensor([nan, nan, nan, nan, nan])
tensor([[0, 0, 1, 0, 0],
        [0, 0, 0, 0, 0],
        [0, 0, 0, 0, 0],
        [0, 0, 0, 0, 0],
        [0, 0, 0, 0, 0]])
Test set : Average loss : 0.0000, Accuracy: 1/22544 ( 0.0%)0/0   1/1   0/0    0/0    0/0
召回率：tensor([nan, 1., nan, nan, nan])
查准率：tensor([nan, 1., nan, nan, nan])
准确率：tensor([1., 1., 1., 1., 1.])
F1：tensor([nan, 1., nan, nan, nan])
tensor([[0, 0, 0, 0, 0],
        [0, 1, 0, 0, 0],
        [0, 0, 0, 0, 0],
        [0, 0, 0, 0, 0],
        [0, 0, 0, 0, 0]])
Test set : Average loss : 0.0000, Accuracy: 1/22544 ( 0.0%)0/0   1/1   0/0    0/0    0/0
召回率：tensor([nan, 1., nan, nan, nan])
查准率：tensor([nan, 1., nan, nan, nan])
准确率：tensor([1., 1., 1., 1., 1.])
F1：tensor([nan, 1., nan, nan, nan])
tensor([[0, 0, 0, 0, 0],
        [0, 1, 0, 0, 0],
        [0, 0, 0, 0, 0],
        [0, 0, 0, 0, 0],
        [0, 0, 0, 0, 0]])
Test set : Average loss : 0.0000, Accuracy: 0/22544 ( 0.0%)0/1   0/0   0/0    0/0    0/0
召回率：tensor([0., nan, nan, nan, nan])
查准率：tensor([nan, nan, 0., nan, nan])
准确率：tensor([0., 1., 0., 1., 1.])
F1：tensor([nan, nan, nan, nan, nan])
tensor([[0, 0, 1, 0, 0],
        [0, 0, 0, 0, 0],
        [0, 0, 0, 0, 0],
        [0, 0, 0, 0, 0],
        [0, 0, 0, 0, 0]])
Test set : Average loss : 0.0000, Accuracy: 1/22544 ( 0.0%)0/0   1/1   0/0    0/0    0/0
召回率：tensor([nan, 1., nan, nan, nan])
查准率：tensor([nan, 1., nan, nan, nan])
准确率：tensor([1., 1., 1., 1., 1.])
F1：tensor([nan, 1., nan, nan, nan])
tensor([[0, 0, 0, 0, 0],
        [0, 1, 0, 0, 0],
        [0, 0, 0, 0, 0],
        [0, 0, 0, 0, 0],
        [0, 0, 0, 0, 0]])
Test set : Average loss : 0.0000, Accuracy: 1/22544 ( 0.0%)1/1   0/0   0/0    0/0    0/0
召回率：tensor([1., nan, nan, nan, nan])
查准率：tensor([1., nan, nan, nan, nan])
准确率：tensor([1., 1., 1., 1., 1.])
F1：tensor([1., nan, nan, nan, nan])
tensor([[1, 0, 0, 0, 0],
        [0, 0, 0, 0, 0],
        [0, 0, 0, 0, 0],
        [0, 0, 0, 0, 0],
        [0, 0, 0, 0, 0]])
Test set : Average loss : 0.0000, Accuracy: 1/22544 ( 0.0%)1/1   0/0   0/0    0/0    0/0
召回率：tensor([1., nan, nan, nan, nan])
查准率：tensor([1., nan, nan, nan, nan])
准确率：tensor([1., 1., 1., 1., 1.])
F1：tensor([1., nan, nan, nan, nan])
tensor([[1, 0, 0, 0, 0],
        [0, 0, 0, 0, 0],
        [0, 0, 0, 0, 0],
        [0, 0, 0, 0, 0],
        [0, 0, 0, 0, 0]])
Test set : Average loss : 0.0000, Accuracy: 0/22544 ( 0.0%)0/0   0/0   0/1    0/0    0/0
召回率：tensor([nan, nan, 0., nan, nan])
查准率：tensor([nan, 0., nan, nan, nan])
准确率：tensor([1., 0., 0., 1., 1.])
F1：tensor([nan, nan, nan, nan, nan])
tensor([[0, 0, 0, 0, 0],
        [0, 0, 0, 0, 0],
        [0, 1, 0, 0, 0],
        [0, 0, 0, 0, 0],
        [0, 0, 0, 0, 0]])
Test set : Average loss : 0.0000, Accuracy: 0/22544 ( 0.0%)0/0   0/0   0/1    0/0    0/0
召回率：tensor([nan, nan, 0., nan, nan])
查准率：tensor([nan, 0., nan, nan, nan])
准确率：tensor([1., 0., 0., 1., 1.])
F1：tensor([nan, nan, nan, nan, nan])
tensor([[0, 0, 0, 0, 0],
        [0, 0, 0, 0, 0],
        [0, 1, 0, 0, 0],
        [0, 0, 0, 0, 0],
        [0, 0, 0, 0, 0]])
Test set : Average loss : 0.0000, Accuracy: 1/22544 ( 0.0%)1/1   0/0   0/0    0/0    0/0
召回率：tensor([1., nan, nan, nan, nan])
查准率：tensor([1., nan, nan, nan, nan])
准确率：tensor([1., 1., 1., 1., 1.])
F1：tensor([1., nan, nan, nan, nan])
tensor([[1, 0, 0, 0, 0],
        [0, 0, 0, 0, 0],
        [0, 0, 0, 0, 0],
        [0, 0, 0, 0, 0],
        [0, 0, 0, 0, 0]])
Test set : Average loss : 0.0000, Accuracy: 0/22544 ( 0.0%)0/0   0/1   0/0    0/0    0/0
召回率：tensor([nan, 0., nan, nan, nan])
查准率：tensor([nan, nan, 0., nan, nan])
准确率：tensor([1., 0., 0., 1., 1.])
F1：tensor([nan, nan, nan, nan, nan])
tensor([[0, 0, 0, 0, 0],
        [0, 0, 1, 0, 0],
        [0, 0, 0, 0, 0],
        [0, 0, 0, 0, 0],
        [0, 0, 0, 0, 0]])
Test set : Average loss : 0.0000, Accuracy: 0/22544 ( 0.0%)0/1   0/0   0/0    0/0    0/0
召回率：tensor([0., nan, nan, nan, nan])
查准率：tensor([nan, nan, 0., nan, nan])
准确率：tensor([0., 1., 0., 1., 1.])
F1：tensor([nan, nan, nan, nan, nan])
tensor([[0, 0, 1, 0, 0],
        [0, 0, 0, 0, 0],
        [0, 0, 0, 0, 0],
        [0, 0, 0, 0, 0],
        [0, 0, 0, 0, 0]])
Test set : Average loss : 0.0000, Accuracy: 0/22544 ( 0.0%)0/0   0/1   0/0    0/0    0/0
召回率：tensor([nan, 0., nan, nan, nan])
查准率：tensor([0., nan, nan, nan, nan])
准确率：tensor([0., 0., 1., 1., 1.])
F1：tensor([nan, nan, nan, nan, nan])
tensor([[0, 0, 0, 0, 0],
        [1, 0, 0, 0, 0],
        [0, 0, 0, 0, 0],
        [0, 0, 0, 0, 0],
        [0, 0, 0, 0, 0]])
Test set : Average loss : 0.0000, Accuracy: 1/22544 ( 0.0%)1/1   0/0   0/0    0/0    0/0
召回率：tensor([1., nan, nan, nan, nan])
查准率：tensor([1., nan, nan, nan, nan])
准确率：tensor([1., 1., 1., 1., 1.])
F1：tensor([1., nan, nan, nan, nan])
tensor([[1, 0, 0, 0, 0],
        [0, 0, 0, 0, 0],
        [0, 0, 0, 0, 0],
        [0, 0, 0, 0, 0],
        [0, 0, 0, 0, 0]])
Test set : Average loss : 0.0000, Accuracy: 1/22544 ( 0.0%)1/1   0/0   0/0    0/0    0/0
召回率：tensor([1., nan, nan, nan, nan])
查准率：tensor([1., nan, nan, nan, nan])
准确率：tensor([1., 1., 1., 1., 1.])
F1：tensor([1., nan, nan, nan, nan])
tensor([[1, 0, 0, 0, 0],
        [0, 0, 0, 0, 0],
        [0, 0, 0, 0, 0],
        [0, 0, 0, 0, 0],
        [0, 0, 0, 0, 0]])
Test set : Average loss : 0.0000, Accuracy: 0/22544 ( 0.0%)0/1   0/0   0/0    0/0    0/0
召回率：tensor([0., nan, nan, nan, nan])
查准率：tensor([nan, nan, 0., nan, nan])
准确率：tensor([0., 1., 0., 1., 1.])
F1：tensor([nan, nan, nan, nan, nan])
tensor([[0, 0, 1, 0, 0],
        [0, 0, 0, 0, 0],
        [0, 0, 0, 0, 0],
        [0, 0, 0, 0, 0],
        [0, 0, 0, 0, 0]])
Test set : Average loss : 0.0000, Accuracy: 0/22544 ( 0.0%)0/0   0/1   0/0    0/0    0/0
召回率：tensor([nan, 0., nan, nan, nan])
查准率：tensor([nan, nan, 0., nan, nan])
准确率：tensor([1., 0., 0., 1., 1.])
F1：tensor([nan, nan, nan, nan, nan])
tensor([[0, 0, 0, 0, 0],
        [0, 0, 1, 0, 0],
        [0, 0, 0, 0, 0],
        [0, 0, 0, 0, 0],
        [0, 0, 0, 0, 0]])
Test set : Average loss : 0.0000, Accuracy: 0/22544 ( 0.0%)0/0   0/0   0/0    0/0    0/1
召回率：tensor([nan, nan, nan, nan, 0.])
查准率：tensor([0., nan, nan, nan, nan])
准确率：tensor([0., 1., 1., 1., 0.])
F1：tensor([nan, nan, nan, nan, nan])
tensor([[0, 0, 0, 0, 0],
        [0, 0, 0, 0, 0],
        [0, 0, 0, 0, 0],
        [0, 0, 0, 0, 0],
        [1, 0, 0, 0, 0]])
Test set : Average loss : 0.0000, Accuracy: 0/22544 ( 0.0%)0/1   0/0   0/0    0/0    0/0
召回率：tensor([0., nan, nan, nan, nan])
查准率：tensor([nan, nan, 0., nan, nan])
准确率：tensor([0., 1., 0., 1., 1.])
F1：tensor([nan, nan, nan, nan, nan])
tensor([[0, 0, 1, 0, 0],
        [0, 0, 0, 0, 0],
        [0, 0, 0, 0, 0],
        [0, 0, 0, 0, 0],
        [0, 0, 0, 0, 0]])
Test set : Average loss : 0.0000, Accuracy: 0/22544 ( 0.0%)0/1   0/0   0/0    0/0    0/0
召回率：tensor([0., nan, nan, nan, nan])
查准率：tensor([nan, nan, 0., nan, nan])
准确率：tensor([0., 1., 0., 1., 1.])
F1：tensor([nan, nan, nan, nan, nan])
tensor([[0, 0, 1, 0, 0],
        [0, 0, 0, 0, 0],
        [0, 0, 0, 0, 0],
        [0, 0, 0, 0, 0],
        [0, 0, 0, 0, 0]])
Test set : Average loss : 0.0000, Accuracy: 0/22544 ( 0.0%)0/1   0/0   0/0    0/0    0/0
召回率：tensor([0., nan, nan, nan, nan])
查准率：tensor([nan, nan, 0., nan, nan])
准确率：tensor([0., 1., 0., 1., 1.])
F1：tensor([nan, nan, nan, nan, nan])
tensor([[0, 0, 1, 0, 0],
        [0, 0, 0, 0, 0],
        [0, 0, 0, 0, 0],
        [0, 0, 0, 0, 0],
        [0, 0, 0, 0, 0]])
Test set : Average loss : 0.0000, Accuracy: 1/22544 ( 0.0%)0/0   1/1   0/0    0/0    0/0
召回率：tensor([nan, 1., nan, nan, nan])
查准率：tensor([nan, 1., nan, nan, nan])
准确率：tensor([1., 1., 1., 1., 1.])
F1：tensor([nan, 1., nan, nan, nan])
tensor([[0, 0, 0, 0, 0],
        [0, 1, 0, 0, 0],
        [0, 0, 0, 0, 0],
        [0, 0, 0, 0, 0],
        [0, 0, 0, 0, 0]])
Test set : Average loss : 0.0000, Accuracy: 1/22544 ( 0.0%)0/0   1/1   0/0    0/0    0/0
召回率：tensor([nan, 1., nan, nan, nan])
查准率：tensor([nan, 1., nan, nan, nan])
准确率：tensor([1., 1., 1., 1., 1.])
F1：tensor([nan, 1., nan, nan, nan])
tensor([[0, 0, 0, 0, 0],
        [0, 1, 0, 0, 0],
        [0, 0, 0, 0, 0],
        [0, 0, 0, 0, 0],
        [0, 0, 0, 0, 0]])
Test set : Average loss : 0.0000, Accuracy: 0/22544 ( 0.0%)0/1   0/0   0/0    0/0    0/0
召回率：tensor([0., nan, nan, nan, nan])
查准率：tensor([nan, nan, 0., nan, nan])
准确率：tensor([0., 1., 0., 1., 1.])
F1：tensor([nan, nan, nan, nan, nan])
tensor([[0, 0, 1, 0, 0],
        [0, 0, 0, 0, 0],
        [0, 0, 0, 0, 0],
        [0, 0, 0, 0, 0],
        [0, 0, 0, 0, 0]])
Test set : Average loss : 0.0000, Accuracy: 1/22544 ( 0.0%)0/0   1/1   0/0    0/0    0/0
召回率：tensor([nan, 1., nan, nan, nan])
查准率：tensor([nan, 1., nan, nan, nan])
准确率：tensor([1., 1., 1., 1., 1.])
F1：tensor([nan, 1., nan, nan, nan])
tensor([[0, 0, 0, 0, 0],
        [0, 1, 0, 0, 0],
        [0, 0, 0, 0, 0],
        [0, 0, 0, 0, 0],
        [0, 0, 0, 0, 0]])
Test set : Average loss : 0.0000, Accuracy: 1/22544 ( 0.0%)1/1   0/0   0/0    0/0    0/0
召回率：tensor([1., nan, nan, nan, nan])
查准率：tensor([1., nan, nan, nan, nan])
准确率：tensor([1., 1., 1., 1., 1.])
F1：tensor([1., nan, nan, nan, nan])
tensor([[1, 0, 0, 0, 0],
        [0, 0, 0, 0, 0],
        [0, 0, 0, 0, 0],
        [0, 0, 0, 0, 0],
        [0, 0, 0, 0, 0]])
Test set : Average loss : 0.0000, Accuracy: 0/22544 ( 0.0%)0/0   0/0   0/1    0/0    0/0
召回率：tensor([nan, nan, 0., nan, nan])
查准率：tensor([nan, 0., nan, nan, nan])
准确率：tensor([1., 0., 0., 1., 1.])
F1：tensor([nan, nan, nan, nan, nan])
tensor([[0, 0, 0, 0, 0],
        [0, 0, 0, 0, 0],
        [0, 1, 0, 0, 0],
        [0, 0, 0, 0, 0],
        [0, 0, 0, 0, 0]])
Test set : Average loss : 0.0000, Accuracy: 1/22544 ( 0.0%)1/1   0/0   0/0    0/0    0/0
召回率：tensor([1., nan, nan, nan, nan])
查准率：tensor([1., nan, nan, nan, nan])
准确率：tensor([1., 1., 1., 1., 1.])
F1：tensor([1., nan, nan, nan, nan])
tensor([[1, 0, 0, 0, 0],
        [0, 0, 0, 0, 0],
        [0, 0, 0, 0, 0],
        [0, 0, 0, 0, 0],
        [0, 0, 0, 0, 0]])
Test set : Average loss : 0.0000, Accuracy: 1/22544 ( 0.0%)1/1   0/0   0/0    0/0    0/0
召回率：tensor([1., nan, nan, nan, nan])
查准率：tensor([1., nan, nan, nan, nan])
准确率：tensor([1., 1., 1., 1., 1.])
F1：tensor([1., nan, nan, nan, nan])
tensor([[1, 0, 0, 0, 0],
        [0, 0, 0, 0, 0],
        [0, 0, 0, 0, 0],
        [0, 0, 0, 0, 0],
        [0, 0, 0, 0, 0]])
Test set : Average loss : 0.0000, Accuracy: 0/22544 ( 0.0%)0/0   0/0   0/1    0/0    0/0
召回率：tensor([nan, nan, 0., nan, nan])
查准率：tensor([nan, 0., nan, nan, nan])
准确率：tensor([1., 0., 0., 1., 1.])
F1：tensor([nan, nan, nan, nan, nan])
tensor([[0, 0, 0, 0, 0],
        [0, 0, 0, 0, 0],
        [0, 1, 0, 0, 0],
        [0, 0, 0, 0, 0],
        [0, 0, 0, 0, 0]])
Test set : Average loss : 0.0000, Accuracy: 0/22544 ( 0.0%)0/0   0/1   0/0    0/0    0/0
召回率：tensor([nan, 0., nan, nan, nan])
查准率：tensor([0., nan, nan, nan, nan])
准确率：tensor([0., 0., 1., 1., 1.])
F1：tensor([nan, nan, nan, nan, nan])
tensor([[0, 0, 0, 0, 0],
        [1, 0, 0, 0, 0],
        [0, 0, 0, 0, 0],
        [0, 0, 0, 0, 0],
        [0, 0, 0, 0, 0]])
Test set : Average loss : 0.0000, Accuracy: 1/22544 ( 0.0%)1/1   0/0   0/0    0/0    0/0
召回率：tensor([1., nan, nan, nan, nan])
查准率：tensor([1., nan, nan, nan, nan])
准确率：tensor([1., 1., 1., 1., 1.])
F1：tensor([1., nan, nan, nan, nan])
tensor([[1, 0, 0, 0, 0],
        [0, 0, 0, 0, 0],
        [0, 0, 0, 0, 0],
        [0, 0, 0, 0, 0],
        [0, 0, 0, 0, 0]])
Test set : Average loss : 0.0000, Accuracy: 0/22544 ( 0.0%)0/0   0/1   0/0    0/0    0/0
召回率：tensor([nan, 0., nan, nan, nan])
查准率：tensor([nan, nan, 0., nan, nan])
准确率：tensor([1., 0., 0., 1., 1.])
F1：tensor([nan, nan, nan, nan, nan])
tensor([[0, 0, 0, 0, 0],
        [0, 0, 1, 0, 0],
        [0, 0, 0, 0, 0],
        [0, 0, 0, 0, 0],
        [0, 0, 0, 0, 0]])
Test set : Average loss : 0.0000, Accuracy: 0/22544 ( 0.0%)0/1   0/0   0/0    0/0    0/0
召回率：tensor([0., nan, nan, nan, nan])
查准率：tensor([nan, nan, 0., nan, nan])
准确率：tensor([0., 1., 0., 1., 1.])
F1：tensor([nan, nan, nan, nan, nan])
tensor([[0, 0, 1, 0, 0],
        [0, 0, 0, 0, 0],
        [0, 0, 0, 0, 0],
        [0, 0, 0, 0, 0],
        [0, 0, 0, 0, 0]])