
Test set : Average loss : 0.0000, Accuracy: 0/22544 ( 0.0%)0/1   0/0   0/0    0/0    0/0
tensor([[0, 0, 0, 0, 0],
        [0, 0, 0, 0, 0],
        [0, 0, 0, 0, 0],
        [1, 0, 0, 0, 0],
        [0, 0, 0, 0, 0]])
Test set : Average loss : 0.0000, Accuracy: 0/22544 ( 0.0%)0/1.001   0/0.001   0/0.001    0/0.001    0/0.001
tensor([[0, 0, 0, 0, 0],
        [0, 0, 0, 0, 0],
        [0, 0, 0, 0, 0],
        [1, 0, 0, 0, 0],
        [0, 0, 0, 0, 0]])
Test set : Average loss : 0.0000, Accuracy: 0/22544 ( 0.0%)0/0.001   0/0.001   0/1.001    0/0.001    0/0.001
tensor([[0, 0, 0, 0, 0],
        [0, 0, 0, 0, 0],
        [0, 0, 0, 0, 0],
        [0, 0, 0, 0, 0],
        [0, 0, 1, 0, 0]])
Test set : Average loss : 0.0000, Accuracy: 0/22544 ( 0.0%)0/1.001   0/0.001   0/0.001    0/0.001    0/0.001
tensor([[0, 0, 0, 0, 0],
        [0, 0, 0, 0, 0],
        [0, 0, 0, 0, 0],
        [0, 0, 0, 0, 0],
        [1, 0, 0, 0, 0]])
Test set : Average loss : 0.0000, Accuracy: 1/22544 ( 0.0%)0/0.001   0/0.001   0/0.001    0/0.001    1/1.001
tensor([[0, 0, 0, 0, 0],
        [0, 0, 0, 0, 0],
        [0, 0, 0, 0, 0],
        [0, 0, 0, 0, 0],
        [0, 0, 0, 0, 1]])
Test set : Average loss : 0.0000, Accuracy: 0/22544 ( 0.0%)0/1.001   0/0.001   0/0.001    0/0.001    0/0.001
tensor([[0, 0, 0, 0, 0],
        [0, 0, 0, 0, 0],
        [0, 0, 0, 0, 0],
        [1, 0, 0, 0, 0],
        [0, 0, 0, 0, 0]])
Test set : Average loss : 0.0000, Accuracy: 0/22544 ( 0.0%)0/0.001   0/0.001   0/1.001    0/0.001    0/0.001
tensor([[0, 0, 0, 0, 0],
        [0, 0, 0, 0, 0],
        [0, 0, 0, 0, 0],
        [0, 0, 0, 0, 0],
        [0, 0, 1, 0, 0]])
Test set : Average loss : 0.0000, Accuracy: 0/22544 ( 0.0%)0/1.001   0/0.001   0/0.001    0/0.001    0/0.001
tensor([[0, 0, 0, 0, 0],
        [0, 0, 0, 0, 0],
        [0, 0, 0, 0, 0],
        [0, 0, 0, 0, 0],
        [1, 0, 0, 0, 0]])
Test set : Average loss : 0.0000, Accuracy: 1/22544 ( 0.0%)0/0.001   0/0.001   0/0.001    0/0.001    1/1.001
tensor([[0, 0, 0, 0, 0],
        [0, 0, 0, 0, 0],
        [0, 0, 0, 0, 0],
        [0, 0, 0, 0, 0],
        [0, 0, 0, 0, 1]])
Test set : Average loss : 0.0000, Accuracy: 0/22544 ( 0.0%)0/1.001   0/0.001   0/0.001    0/0.001    0/0.001
tensor([[0, 0, 0, 0, 0],
        [0, 0, 0, 0, 0],
        [0, 0, 0, 0, 0],
        [1, 0, 0, 0, 0],
        [0, 0, 0, 0, 0]])
Test set : Average loss : 0.0000, Accuracy: 0/22544 ( 0.0%)0/0.001   0/0.001   0/1.001    0/0.001    0/0.001
tensor([[0, 0, 0, 0, 0],
        [0, 0, 0, 0, 0],
        [0, 0, 0, 0, 0],
        [0, 0, 0, 0, 0],
        [0, 0, 1, 0, 0]])
Test set : Average loss : 0.0000, Accuracy: 0/22544 ( 0.0%)0/1.001   0/0.001   0/0.001    0/0.001    0/0.001
tensor([[0, 0, 0, 0, 0],
        [0, 0, 0, 0, 0],
        [0, 0, 0, 0, 0],
        [0, 0, 0, 0, 0],
        [1, 0, 0, 0, 0]])
Test set : Average loss : 0.0000, Accuracy: 1/22544 ( 0.0%)0/0.001   0/0.001   0/0.001    0/0.001    1/1.001
tensor([[0, 0, 0, 0, 0],
        [0, 0, 0, 0, 0],
        [0, 0, 0, 0, 0],
        [0, 0, 0, 0, 0],
        [0, 0, 0, 0, 1]])
Test set : Average loss : 0.0000, Accuracy: 0/22544 ( 0.0%)0/1.001   0/0.001   0/0.001    0/0.001    0/0.001
tensor([[0, 0, 0, 0, 0],
        [0, 0, 0, 0, 0],
        [0, 0, 0, 0, 0],
        [1, 0, 0, 0, 0],
        [0, 0, 0, 0, 0]])
Test set : Average loss : 0.0000, Accuracy: 0/22544 ( 0.0%)0/0.001   0/0.001   0/1.001    0/0.001    0/0.001
tensor([[0, 0, 0, 0, 0],
        [0, 0, 0, 0, 0],
        [0, 0, 0, 0, 0],
        [0, 0, 0, 0, 0],
        [0, 0, 1, 0, 0]])
Test set : Average loss : 0.0000, Accuracy: 0/22544 ( 0.0%)0/1.001   0/0.001   0/0.001    0/0.001    0/0.001
tensor([[0, 0, 0, 0, 0],
        [0, 0, 0, 0, 0],
        [0, 0, 0, 0, 0],
        [0, 0, 0, 0, 0],
        [1, 0, 0, 0, 0]])
Test set : Average loss : 0.0000, Accuracy: 1/22544 ( 0.0%)0/0.001   0/0.001   0/0.001    0/0.001    1/1.001
tensor([[0, 0, 0, 0, 0],
        [0, 0, 0, 0, 0],
        [0, 0, 0, 0, 0],
        [0, 0, 0, 0, 0],
        [0, 0, 0, 0, 1]])
Test set : Average loss : 0.0000, Accuracy: 0/22544 ( 0.0%)0/1.001   0/0.001   0/0.001    0/0.001    0/0.001
tensor([[0, 0, 0, 0, 0],
        [0, 0, 0, 0, 0],
        [0, 0, 0, 0, 0],
        [1, 0, 0, 0, 0],
        [0, 0, 0, 0, 0]])
Test set : Average loss : 0.0000, Accuracy: 0/22544 ( 0.0%)0/0.001   0/0.001   0/1.001    0/0.001    0/0.001
tensor([[0, 0, 0, 0, 0],
        [0, 0, 0, 0, 0],
        [0, 0, 0, 0, 0],
        [0, 0, 0, 0, 0],
        [0, 0, 1, 0, 0]])
Test set : Average loss : 0.0000, Accuracy: 0/22544 ( 0.0%)0/1.001   0/0.001   0/0.001    0/0.001    0/0.001
tensor([[0, 0, 0, 0, 0],
        [0, 0, 0, 0, 0],
        [0, 0, 0, 0, 0],
        [0, 0, 0, 0, 0],
        [1, 0, 0, 0, 0]])
Test set : Average loss : 0.0000, Accuracy: 1/22544 ( 0.0%)0/0.001   0/0.001   0/0.001    0/0.001    1/1.001
tensor([[0, 0, 0, 0, 0],
        [0, 0, 0, 0, 0],
        [0, 0, 0, 0, 0],
        [0, 0, 0, 0, 0],
        [0, 0, 0, 0, 1]])
Test set : Average loss : 0.0000, Accuracy: 0/22544 ( 0.0%)0/1.001   0/0.001   0/0.001    0/0.001    0/0.001
tensor([[0, 0, 0, 0, 0],
        [0, 0, 0, 0, 0],
        [0, 0, 0, 0, 0],
        [1, 0, 0, 0, 0],
        [0, 0, 0, 0, 0]])
Test set : Average loss : 0.0000, Accuracy: 0/22544 ( 0.0%)0/0.001   0/0.001   0/1.001    0/0.001    0/0.001
tensor([[0, 0, 0, 0, 0],
        [0, 0, 0, 0, 0],
        [0, 0, 0, 0, 0],
        [0, 0, 0, 0, 0],
        [0, 0, 1, 0, 0]])
Test set : Average loss : 0.0000, Accuracy: 0/22544 ( 0.0%)0/1.001   0/0.001   0/0.001    0/0.001    0/0.001
tensor([[0, 0, 0, 0, 0],
        [0, 0, 0, 0, 0],
        [0, 0, 0, 0, 0],
        [0, 0, 0, 0, 0],
        [1, 0, 0, 0, 0]])
Test set : Average loss : 0.0000, Accuracy: 1/22544 ( 0.0%)0/0.001   0/0.001   0/0.001    0/0.001    1/1.001
tensor([[0, 0, 0, 0, 0],
        [0, 0, 0, 0, 0],
        [0, 0, 0, 0, 0],
        [0, 0, 0, 0, 0],
        [0, 0, 0, 0, 1]])
Test set : Average loss : 0.0000, Accuracy: 0/22544 ( 0.0%)0/1.001   0/0.001   0/0.001    0/0.001    0/0.001
tensor([[0, 0, 0, 0, 0],
        [0, 0, 0, 0, 0],
        [0, 0, 0, 0, 0],
        [1, 0, 0, 0, 0],
        [0, 0, 0, 0, 0]])
Test set : Average loss : 0.0000, Accuracy: 0/22544 ( 0.0%)0/0.001   0/0.001   0/1.001    0/0.001    0/0.001
tensor([[0, 0, 0, 0, 0],
        [0, 0, 0, 0, 0],
        [0, 0, 0, 0, 0],
        [0, 0, 0, 0, 0],
        [0, 0, 1, 0, 0]])
Test set : Average loss : 0.0000, Accuracy: 0/22544 ( 0.0%)0/1.001   0/0.001   0/0.001    0/0.001    0/0.001
tensor([[0, 0, 0, 0, 0],
        [0, 0, 0, 0, 0],
        [0, 0, 0, 0, 0],
        [0, 0, 0, 0, 0],
        [1, 0, 0, 0, 0]])
Test set : Average loss : 0.0000, Accuracy: 1/22544 ( 0.0%)0/0.001   0/0.001   0/0.001    0/0.001    1/1.001
tensor([[0, 0, 0, 0, 0],
        [0, 0, 0, 0, 0],
        [0, 0, 0, 0, 0],
        [0, 0, 0, 0, 0],
        [0, 0, 0, 0, 1]])
Test set : Average loss : 0.0000, Accuracy: 0/22544 ( 0.0%)0/1.001   0/0.001   0/0.001    0/0.001    0/0.001
tensor([[0, 0, 0, 0, 0],
        [0, 0, 0, 0, 0],
        [0, 0, 0, 0, 0],
        [1, 0, 0, 0, 0],
        [0, 0, 0, 0, 0]])
Test set : Average loss : 0.0000, Accuracy: 0/22544 ( 0.0%)0/0.001   0/0.001   0/1.001    0/0.001    0/0.001
tensor([[0, 0, 0, 0, 0],
        [0, 0, 0, 0, 0],
        [0, 0, 0, 0, 0],
        [0, 0, 0, 0, 0],
        [0, 0, 1, 0, 0]])
Test set : Average loss : 0.0000, Accuracy: 0/22544 ( 0.0%)0/1.001   0/0.001   0/0.001    0/0.001    0/0.001
tensor([[0, 0, 0, 0, 0],
        [0, 0, 0, 0, 0],
        [0, 0, 0, 0, 0],
        [0, 0, 0, 0, 0],
        [1, 0, 0, 0, 0]])
Test set : Average loss : 0.0000, Accuracy: 1/22544 ( 0.0%)0/0.001   0/0.001   0/0.001    0/0.001    1/1.001
tensor([[0, 0, 0, 0, 0],
        [0, 0, 0, 0, 0],
        [0, 0, 0, 0, 0],
        [0, 0, 0, 0, 0],
        [0, 0, 0, 0, 1]])
Test set : Average loss : 0.0000, Accuracy: 0/22544 ( 0.0%)0/1.001   0/0.001   0/0.001    0/0.001    0/0.001
tensor([[0, 0, 0, 0, 0],
        [0, 0, 0, 0, 0],
        [0, 0, 0, 0, 0],
        [1, 0, 0, 0, 0],
        [0, 0, 0, 0, 0]])
Test set : Average loss : 0.0000, Accuracy: 0/22544 ( 0.0%)0/0.001   0/0.001   0/1.001    0/0.001    0/0.001
tensor([[0, 0, 0, 0, 0],
        [0, 0, 0, 0, 0],
        [0, 0, 0, 0, 0],
        [0, 0, 0, 0, 0],
        [0, 0, 1, 0, 0]])
Test set : Average loss : 0.0000, Accuracy: 0/22544 ( 0.0%)0/1.001   0/0.001   0/0.001    0/0.001    0/0.001
tensor([[0, 0, 0, 0, 0],
        [0, 0, 0, 0, 0],
        [0, 0, 0, 0, 0],
        [0, 0, 0, 0, 0],
        [1, 0, 0, 0, 0]])
Test set : Average loss : 0.0000, Accuracy: 1/22544 ( 0.0%)0/0.001   0/0.001   0/0.001    0/0.001    1/1.001
tensor([[0, 0, 0, 0, 0],
        [0, 0, 0, 0, 0],
        [0, 0, 0, 0, 0],
        [0, 0, 0, 0, 0],
        [0, 0, 0, 0, 1]])
Test set : Average loss : 0.0000, Accuracy: 0/22544 ( 0.0%)0/1.001   0/0.001   0/0.001    0/0.001    0/0.001
tensor([[0, 0, 0, 0, 0],
        [0, 0, 0, 0, 0],
        [0, 0, 0, 0, 0],
        [1, 0, 0, 0, 0],
        [0, 0, 0, 0, 0]])
Test set : Average loss : 0.0000, Accuracy: 0/22544 ( 0.0%)0/0.001   0/0.001   0/1.001    0/0.001    0/0.001
tensor([[0, 0, 0, 0, 0],
        [0, 0, 0, 0, 0],
        [0, 0, 0, 0, 0],
        [0, 0, 0, 0, 0],
        [0, 0, 1, 0, 0]])
Test set : Average loss : 0.0000, Accuracy: 0/22544 ( 0.0%)0/1.001   0/0.001   0/0.001    0/0.001    0/0.001
tensor([[0, 0, 0, 0, 0],
        [0, 0, 0, 0, 0],
        [0, 0, 0, 0, 0],
        [0, 0, 0, 0, 0],
        [1, 0, 0, 0, 0]])
Test set : Average loss : 0.0000, Accuracy: 1/22544 ( 0.0%)0/0.001   0/0.001   0/0.001    0/0.001    1/1.001
tensor([[0, 0, 0, 0, 0],
        [0, 0, 0, 0, 0],
        [0, 0, 0, 0, 0],
        [0, 0, 0, 0, 0],
        [0, 0, 0, 0, 1]])
Test set : Average loss : 0.0000, Accuracy: 0/22544 ( 0.0%)0/1.001   0/0.001   0/0.001    0/0.001    0/0.001
tensor([[0, 0, 0, 0, 0],
        [0, 0, 0, 0, 0],
        [0, 0, 0, 0, 0],
        [1, 0, 0, 0, 0],
        [0, 0, 0, 0, 0]])
Test set : Average loss : 0.0000, Accuracy: 0/22544 ( 0.0%)0/0.001   0/0.001   0/1.001    0/0.001    0/0.001
tensor([[0, 0, 0, 0, 0],
        [0, 0, 0, 0, 0],
        [0, 0, 0, 0, 0],
        [0, 0, 0, 0, 0],
        [0, 0, 1, 0, 0]])
Test set : Average loss : 0.0000, Accuracy: 0/22544 ( 0.0%)0/1.001   0/0.001   0/0.001    0/0.001    0/0.001
tensor([[0, 0, 0, 0, 0],
        [0, 0, 0, 0, 0],
        [0, 0, 0, 0, 0],
        [0, 0, 0, 0, 0],
        [1, 0, 0, 0, 0]])
Test set : Average loss : 0.0000, Accuracy: 1/22544 ( 0.0%)0/0.001   0/0.001   0/0.001    0/0.001    1/1.001
tensor([[0, 0, 0, 0, 0],
        [0, 0, 0, 0, 0],
        [0, 0, 0, 0, 0],
        [0, 0, 0, 0, 0],
        [0, 0, 0, 0, 1]])
Test set : Average loss : 0.0000, Accuracy: 0/22544 ( 0.0%)0/1.001   0/0.001   0/0.001    0/0.001    0/0.001
tensor([[0, 0, 0, 0, 0],
        [0, 0, 0, 0, 0],
        [0, 0, 0, 0, 0],
        [1, 0, 0, 0, 0],
        [0, 0, 0, 0, 0]])
Test set : Average loss : 0.0000, Accuracy: 0/22544 ( 0.0%)0/0.001   0/0.001   0/1.001    0/0.001    0/0.001
tensor([[0, 0, 0, 0, 0],
        [0, 0, 0, 0, 0],
        [0, 0, 0, 0, 0],
        [0, 0, 0, 0, 0],
        [0, 0, 1, 0, 0]])
Test set : Average loss : 0.0000, Accuracy: 0/22544 ( 0.0%)0/1.001   0/0.001   0/0.001    0/0.001    0/0.001
tensor([[0, 0, 0, 0, 0],
        [0, 0, 0, 0, 0],
        [0, 0, 0, 0, 0],
        [0, 0, 0, 0, 0],
        [1, 0, 0, 0, 0]])
Test set : Average loss : 0.0000, Accuracy: 1/22544 ( 0.0%)0/0.001   0/0.001   0/0.001    0/0.001    1/1.001
tensor([[0, 0, 0, 0, 0],
        [0, 0, 0, 0, 0],
        [0, 0, 0, 0, 0],
        [0, 0, 0, 0, 0],
        [0, 0, 0, 0, 1]])
Test set : Average loss : 0.0000, Accuracy: 0/22544 ( 0.0%)0/1.001   0/0.001   0/0.001    0/0.001    0/0.001
tensor([[0, 0, 0, 0, 0],
        [0, 0, 0, 0, 0],
        [0, 0, 0, 0, 0],
        [1, 0, 0, 0, 0],
        [0, 0, 0, 0, 0]])
Test set : Average loss : 0.0000, Accuracy: 0/22544 ( 0.0%)0/0.001   0/0.001   0/1.001    0/0.001    0/0.001
tensor([[0, 0, 0, 0, 0],
        [0, 0, 0, 0, 0],
        [0, 0, 0, 0, 0],
        [0, 0, 0, 0, 0],
        [0, 0, 1, 0, 0]])
Test set : Average loss : 0.0000, Accuracy: 0/22544 ( 0.0%)0/1.001   0/0.001   0/0.001    0/0.001    0/0.001
tensor([[0, 0, 0, 0, 0],
        [0, 0, 0, 0, 0],
        [0, 0, 0, 0, 0],
        [0, 0, 0, 0, 0],
        [1, 0, 0, 0, 0]])
Test set : Average loss : 0.0000, Accuracy: 1/22544 ( 0.0%)0/0.001   0/0.001   0/0.001    0/0.001    1/1.001
tensor([[0, 0, 0, 0, 0],
        [0, 0, 0, 0, 0],
        [0, 0, 0, 0, 0],
        [0, 0, 0, 0, 0],
        [0, 0, 0, 0, 1]])
Test set : Average loss : 0.0000, Accuracy: 0/22544 ( 0.0%)0/1.001   0/0.001   0/0.001    0/0.001    0/0.001
tensor([[0, 0, 0, 0, 0],
        [0, 0, 0, 0, 0],
        [0, 0, 0, 0, 0],
        [1, 0, 0, 0, 0],
        [0, 0, 0, 0, 0]])
Test set : Average loss : 0.0000, Accuracy: 0/22544 ( 0.0%)0/0.001   0/0.001   0/1.001    0/0.001    0/0.001
tensor([[0, 0, 0, 0, 0],
        [0, 0, 0, 0, 0],
        [0, 0, 0, 0, 0],
        [0, 0, 0, 0, 0],
        [0, 0, 1, 0, 0]])
Test set : Average loss : 0.0000, Accuracy: 0/22544 ( 0.0%)0/1.001   0/0.001   0/0.001    0/0.001    0/0.001
tensor([[0, 0, 0, 0, 0],
        [0, 0, 0, 0, 0],
        [0, 0, 0, 0, 0],
        [0, 0, 0, 0, 0],
        [1, 0, 0, 0, 0]])
Test set : Average loss : 0.0000, Accuracy: 1/22544 ( 0.0%)0/0.001   0/0.001   0/0.001    0/0.001    1/1.001
tensor([[0, 0, 0, 0, 0],
        [0, 0, 0, 0, 0],
        [0, 0, 0, 0, 0],
        [0, 0, 0, 0, 0],
        [0, 0, 0, 0, 1]])
Test set : Average loss : 0.0000, Accuracy: 0/22544 ( 0.0%)0/1.001   0/0.001   0/0.001    0/0.001    0/0.001
tensor([[0, 0, 0, 0, 0],
        [0, 0, 0, 0, 0],
        [0, 0, 0, 0, 0],
        [1, 0, 0, 0, 0],
        [0, 0, 0, 0, 0]])
Test set : Average loss : 0.0000, Accuracy: 0/22544 ( 0.0%)0/0.001   0/0.001   0/1.001    0/0.001    0/0.001
tensor([[0, 0, 0, 0, 0],
        [0, 0, 0, 0, 0],
        [0, 0, 0, 0, 0],
        [0, 0, 0, 0, 0],
        [0, 0, 1, 0, 0]])
Test set : Average loss : 0.0000, Accuracy: 0/22544 ( 0.0%)0/1.001   0/0.001   0/0.001    0/0.001    0/0.001
tensor([[0, 0, 0, 0, 0],
        [0, 0, 0, 0, 0],
        [0, 0, 0, 0, 0],
        [0, 0, 0, 0, 0],
        [1, 0, 0, 0, 0]])
Test set : Average loss : 0.0000, Accuracy: 1/22544 ( 0.0%)0/0.001   0/0.001   0/0.001    0/0.001    1/1.001
tensor([[0, 0, 0, 0, 0],
        [0, 0, 0, 0, 0],
        [0, 0, 0, 0, 0],
        [0, 0, 0, 0, 0],
        [0, 0, 0, 0, 1]])
Test set : Average loss : 0.0000, Accuracy: 0/22544 ( 0.0%)0/1.001   0/0.001   0/0.001    0/0.001    0/0.001
tensor([[0, 0, 0, 0, 0],
        [0, 0, 0, 0, 0],
        [0, 0, 0, 0, 0],
        [1, 0, 0, 0, 0],
        [0, 0, 0, 0, 0]])
Test set : Average loss : 0.0000, Accuracy: 0/22544 ( 0.0%)0/0.001   0/0.001   0/1.001    0/0.001    0/0.001
tensor([[0, 0, 0, 0, 0],
        [0, 0, 0, 0, 0],
        [0, 0, 0, 0, 0],
        [0, 0, 0, 0, 0],
        [0, 0, 1, 0, 0]])
Test set : Average loss : 0.0000, Accuracy: 0/22544 ( 0.0%)0/1.001   0/0.001   0/0.001    0/0.001    0/0.001
tensor([[0, 0, 0, 0, 0],
        [0, 0, 0, 0, 0],
        [0, 0, 0, 0, 0],
        [0, 0, 0, 0, 0],
        [1, 0, 0, 0, 0]])
Test set : Average loss : 0.0000, Accuracy: 1/22544 ( 0.0%)0/0.001   0/0.001   0/0.001    0/0.001    1/1.001
tensor([[0, 0, 0, 0, 0],
        [0, 0, 0, 0, 0],
        [0, 0, 0, 0, 0],
        [0, 0, 0, 0, 0],
        [0, 0, 0, 0, 1]])
Test set : Average loss : 0.0000, Accuracy: 0/22544 ( 0.0%)0/0.001   0/1.001   0/0.001    0/0.001    0/0.001
tensor([[0, 0, 0, 0, 0],
        [0, 0, 0, 0, 0],
        [0, 0, 0, 0, 0],
        [0, 0, 0, 0, 0],
        [0, 1, 0, 0, 0]])
Test set : Average loss : 0.0000, Accuracy: 0/22544 ( 0.0%)0/1.001   0/0.001   0/0.001    0/0.001    0/0.001
tensor([[0, 0, 0, 0, 0],
        [0, 0, 0, 0, 0],
        [0, 0, 0, 0, 0],
        [1, 0, 0, 0, 0],
        [0, 0, 0, 0, 0]])
Test set : Average loss : 0.0000, Accuracy: 0/22544 ( 0.0%)0/1.001   0/0.001   0/0.001    0/0.001    0/0.001
tensor([[0, 0, 0, 0, 0],
        [0, 0, 0, 0, 0],
        [0, 0, 0, 0, 0],
        [1, 0, 0, 0, 0],
        [0, 0, 0, 0, 0]])
Test set : Average loss : 0.0000, Accuracy: 0/22544 ( 0.0%)0/0.001   0/1.001   0/0.001    0/0.001    0/0.001
tensor([[0, 0, 0, 0, 0],
        [0, 0, 0, 0, 0],
        [0, 0, 0, 0, 0],
        [0, 1, 0, 0, 0],
        [0, 0, 0, 0, 0]])
Test set : Average loss : 0.0000, Accuracy: 0/22544 ( 0.0%)0/0.001   0/1.001   0/0.001    0/0.001    0/0.001
tensor([[0, 0, 0, 0, 0],
        [0, 0, 0, 0, 0],
        [0, 0, 0, 0, 0],
        [0, 0, 0, 0, 0],
        [0, 1, 0, 0, 0]])
Test set : Average loss : 0.0000, Accuracy: 0/22544 ( 0.0%)0/0.001   0/1.001   0/0.001    0/0.001    0/0.001
tensor([[0, 0, 0, 0, 0],
        [0, 0, 0, 0, 0],
        [0, 0, 0, 0, 0],
        [0, 0, 0, 0, 0],
        [0, 1, 0, 0, 0]])
Test set : Average loss : 0.0000, Accuracy: 0/22544 ( 0.0%)0/1.001   0/0.001   0/0.001    0/0.001    0/0.001
tensor([[0, 0, 0, 0, 0],
        [0, 0, 0, 0, 0],
        [0, 0, 0, 0, 0],
        [1, 0, 0, 0, 0],
        [0, 0, 0, 0, 0]])
Test set : Average loss : 0.0000, Accuracy: 0/22544 ( 0.0%)0/0.001   0/0.001   0/1.001    0/0.001    0/0.001
tensor([[0, 0, 0, 0, 0],
        [0, 0, 0, 0, 0],
        [0, 0, 0, 0, 0],
        [0, 0, 0, 0, 0],
        [0, 0, 1, 0, 0]])
Test set : Average loss : 0.0000, Accuracy: 0/22544 ( 0.0%)0/1.001   0/0.001   0/0.001    0/0.001    0/0.001
tensor([[0, 0, 0, 0, 0],
        [0, 0, 0, 0, 0],
        [0, 0, 0, 0, 0],
        [0, 0, 0, 0, 0],
        [1, 0, 0, 0, 0]])
Test set : Average loss : 0.0000, Accuracy: 1/22544 ( 0.0%)0/0.001   0/0.001   0/0.001    0/0.001    1/1.001
tensor([[0, 0, 0, 0, 0],
        [0, 0, 0, 0, 0],
        [0, 0, 0, 0, 0],
        [0, 0, 0, 0, 0],
        [0, 0, 0, 0, 1]])
Test set : Average loss : 0.0000, Accuracy: 0/22544 ( 0.0%)0/0.001   0/1.001   0/0.001    0/0.001    0/0.001
tensor([[0, 0, 0, 0, 0],
        [0, 0, 0, 0, 0],
        [0, 0, 0, 0, 0],
        [0, 0, 0, 0, 0],
        [0, 1, 0, 0, 0]])
Test set : Average loss : 0.0000, Accuracy: 0/22544 ( 0.0%)0/1.001   0/0.001   0/0.001    0/0.001    0/0.001
tensor([[0, 0, 0, 0, 0],
        [0, 0, 0, 0, 0],
        [0, 0, 0, 0, 0],
        [1, 0, 0, 0, 0],
        [0, 0, 0, 0, 0]])
Test set : Average loss : 0.0000, Accuracy: 0/22544 ( 0.0%)0/1.001   0/0.001   0/0.001    0/0.001    0/0.001
tensor([[0, 0, 0, 0, 0],
        [0, 0, 0, 0, 0],
        [0, 0, 0, 0, 0],
        [1, 0, 0, 0, 0],
        [0, 0, 0, 0, 0]])
Test set : Average loss : 0.0000, Accuracy: 0/22544 ( 0.0%)0/0.001   0/1.001   0/0.001    0/0.001    0/0.001
tensor([[0, 0, 0, 0, 0],
        [0, 0, 0, 0, 0],
        [0, 0, 0, 0, 0],
        [0, 1, 0, 0, 0],
        [0, 0, 0, 0, 0]])
Test set : Average loss : 0.0000, Accuracy: 0/22544 ( 0.0%)0/0.001   0/1.001   0/0.001    0/0.001    0/0.001
tensor([[0, 0, 0, 0, 0],
        [0, 0, 0, 0, 0],
        [0, 0, 0, 0, 0],
        [0, 0, 0, 0, 0],
        [0, 1, 0, 0, 0]])
Test set : Average loss : 0.0000, Accuracy: 0/22544 ( 0.0%)0/0.001   0/1.001   0/0.001    0/0.001    0/0.001
tensor([[0, 0, 0, 0, 0],
        [0, 0, 0, 0, 0],
        [0, 0, 0, 0, 0],
        [0, 0, 0, 0, 0],
        [0, 1, 0, 0, 0]])
Test set : Average loss : 0.0000, Accuracy: 0/22544 ( 0.0%)0/1.001   0/0.001   0/0.001    0/0.001    0/0.001
tensor([[0, 0, 0, 0, 0],
        [0, 0, 0, 0, 0],
        [0, 0, 0, 0, 0],
        [1, 0, 0, 0, 0],
        [0, 0, 0, 0, 0]])
Test set : Average loss : 0.0000, Accuracy: 0/22544 ( 0.0%)0/0.001   0/0.001   0/1.001    0/0.001    0/0.001
tensor([[0, 0, 0, 0, 0],
        [0, 0, 0, 0, 0],
        [0, 0, 0, 0, 0],
        [0, 0, 0, 0, 0],
        [0, 0, 1, 0, 0]])
Test set : Average loss : 0.0000, Accuracy: 0/22544 ( 0.0%)0/1.001   0/0.001   0/0.001    0/0.001    0/0.001
tensor([[0, 0, 0, 0, 0],
        [0, 0, 0, 0, 0],
        [0, 0, 0, 0, 0],
        [0, 0, 0, 0, 0],
        [1, 0, 0, 0, 0]])
Test set : Average loss : 0.0000, Accuracy: 1/22544 ( 0.0%)0/0.001   0/0.001   0/0.001    0/0.001    1/1.001
tensor([[0, 0, 0, 0, 0],
        [0, 0, 0, 0, 0],
        [0, 0, 0, 0, 0],
        [0, 0, 0, 0, 0],
        [0, 0, 0, 0, 1]])
Test set : Average loss : 0.0000, Accuracy: 0/22544 ( 0.0%)0/0.001   0/1.001   0/0.001    0/0.001    0/0.001
tensor([[0, 0, 0, 0, 0],
        [0, 0, 0, 0, 0],
        [0, 0, 0, 0, 0],
        [0, 0, 0, 0, 0],
        [0, 1, 0, 0, 0]])
Test set : Average loss : 0.0000, Accuracy: 0/22544 ( 0.0%)0/1.001   0/0.001   0/0.001    0/0.001    0/0.001
tensor([[0, 0, 0, 0, 0],
        [0, 0, 0, 0, 0],
        [0, 0, 0, 0, 0],
        [1, 0, 0, 0, 0],
        [0, 0, 0, 0, 0]])
Test set : Average loss : 0.0000, Accuracy: 0/22544 ( 0.0%)0/1.001   0/0.001   0/0.001    0/0.001    0/0.001
tensor([[0, 0, 0, 0, 0],
        [0, 0, 0, 0, 0],
        [0, 0, 0, 0, 0],
        [1, 0, 0, 0, 0],
        [0, 0, 0, 0, 0]])
Test set : Average loss : 0.0000, Accuracy: 0/22544 ( 0.0%)0/0.001   0/1.001   0/0.001    0/0.001    0/0.001
tensor([[0, 0, 0, 0, 0],
        [0, 0, 0, 0, 0],
        [0, 0, 0, 0, 0],
        [0, 1, 0, 0, 0],
        [0, 0, 0, 0, 0]])
Test set : Average loss : 0.0000, Accuracy: 0/22544 ( 0.0%)0/0.001   0/1.001   0/0.001    0/0.001    0/0.001
tensor([[0, 0, 0, 0, 0],
        [0, 0, 0, 0, 0],
        [0, 0, 0, 0, 0],
        [0, 0, 0, 0, 0],
        [0, 1, 0, 0, 0]])
Test set : Average loss : 0.0000, Accuracy: 0/22544 ( 0.0%)0/0.001   0/1.001   0/0.001    0/0.001    0/0.001
tensor([[0, 0, 0, 0, 0],
        [0, 0, 0, 0, 0],
        [0, 0, 0, 0, 0],
        [0, 0, 0, 0, 0],
        [0, 1, 0, 0, 0]])
Test set : Average loss : 0.0000, Accuracy: 15688/22544 ( 69.6%)9126/9711   5279/7636   1283/2423    0/200    0/2574
tensor([[9126, 2260,  948,  200, 2534],
        [ 411, 5279,  192,    0,   30],
        [ 174,   97, 1283,    0,   10],
        [   0,    0,    0,    0,    0],
        [   0,    0,    0,    0,    0]])
Test set : Average loss : 0.0000, Accuracy: 16095/22544 ( 71.4%)9103/9711   5595/7636   1334/2423    0/200    63/2574
tensor([[9103, 1959,  946,  134, 2489],
        [ 445, 5595,  143,   62,   15],
        [ 161,   82, 1334,    0,    7],
        [   0,    0,    0,    0,    0],
        [   2,    0,    0,    4,   63]])
Test set : Average loss : 0.0000, Accuracy: 16424/22544 ( 72.9%)9312/9711   5607/7636   1492/2423    0/200    13/2574
tensor([[9312, 1963,  850,  180, 2543],
        [ 199, 5607,   81,    0,   10],
        [ 195,   66, 1492,   19,    8],
        [   0,    0,    0,    0,    0],
        [   5,    0,    0,    1,   13]])
Test set : Average loss : 0.0000, Accuracy: 16373/22544 ( 72.6%)8966/9711   5709/7636   1678/2423    1/200    19/2574
tensor([[8966, 1836,  673,   89, 2529],
        [  58, 5709,   72,    0,    8],
        [ 685,   91, 1678,  110,   18],
        [   1,    0,    0,    1,    0],
        [   1,    0,    0,    0,   19]])
Test set : Average loss : 0.0000, Accuracy: 16299/22544 ( 72.3%)9044/9711   5821/7636   1414/2423    2/200    18/2574
tensor([[9044, 1786,  867,  162, 2543],
        [ 133, 5821,  142,    0,   12],
        [ 532,   29, 1414,   36,    1],
        [   1,    0,    0,    2,    0],
        [   1,    0,    0,    0,   18]])